[ 2016-08-10T11:50:21+08:00 ] ::1 /wxeditorNew/
ERR: 1064:You have an error in your SQL syntax; check the manual that corresponds to your MySQL server version for the right syntax to use near ')' at line 1
 [ SQL语句 ] : SELECT * FROM `zk_style` WHERE ( stype= ) 

[ 2016-08-10T11:51:00+08:00 ] ::1 /wxeditorNew/
ERR: 1064:You have an error in your SQL syntax; check the manual that corresponds to your MySQL server version for the right syntax to use near ')' at line 1
 [ SQL语句 ] : SELECT * FROM `zk_style` WHERE ( stype= ) 

[ 2016-08-10T13:50:14+08:00 ] ::1 /wxeditorNew/
ERR: 1064:You have an error in your SQL syntax; check the manual that corresponds to your MySQL server version for the right syntax to use near ')' at line 1
 [ SQL语句 ] : SELECT * FROM `zk_style` WHERE ( stype= ) 

[ 2016-08-10T16:07:09+08:00 ] ::1 /wxeditorNew/index.php/Home/Index/ajax/tab/tab2
INFO: [ app_begin ] --START--
INFO: Run Behavior\ReadHtmlCacheBehavior [ RunTime:0.000683s ]
INFO: [ app_begin ] --END-- [ RunTime:0.001046s ]
ERR: 非法操作:ajax

[ 2016-08-10T16:07:10+08:00 ] ::1 /wxeditorNew/index.php/Home/Index/ajax/tab/tab3
INFO: [ app_begin ] --START--
INFO: Run Behavior\ReadHtmlCacheBehavior [ RunTime:0.000665s ]
INFO: [ app_begin ] --END-- [ RunTime:0.001100s ]
ERR: 非法操作:ajax

[ 2016-08-10T16:07:11+08:00 ] ::1 /wxeditorNew/index.php/Home/Index/ajax/tab/tab4
INFO: [ app_begin ] --START--
INFO: Run Behavior\ReadHtmlCacheBehavior [ RunTime:0.000555s ]
INFO: [ app_begin ] --END-- [ RunTime:0.000907s ]
ERR: 非法操作:ajax

[ 2016-08-10T16:07:12+08:00 ] ::1 /wxeditorNew/index.php/Home/Index/ajax/tab/tab5
INFO: [ app_begin ] --START--
INFO: Run Behavior\ReadHtmlCacheBehavior [ RunTime:0.000566s ]
INFO: [ app_begin ] --END-- [ RunTime:0.000982s ]
ERR: 非法操作:ajax

[ 2016-08-10T16:07:13+08:00 ] ::1 /wxeditorNew/index.php/Home/Index/ajax/tab/tab6
INFO: [ app_begin ] --START--
INFO: Run Behavior\ReadHtmlCacheBehavior [ RunTime:0.000559s ]
INFO: [ app_begin ] --END-- [ RunTime:0.000923s ]
ERR: 非法操作:ajax

[ 2016-08-10T16:07:14+08:00 ] ::1 /wxeditorNew/index.php/Home/Index/ajax/tab/tab7
INFO: [ app_begin ] --START--
INFO: Run Behavior\ReadHtmlCacheBehavior [ RunTime:0.000536s ]
INFO: [ app_begin ] --END-- [ RunTime:0.000876s ]
ERR: 非法操作:ajax

[ 2016-08-10T16:08:36+08:00 ] ::1 /wxeditorNew/index.php/Home/Index/ajax/tab/tab5
INFO: [ app_begin ] --START--
INFO: Run Behavior\ReadHtmlCacheBehavior [ RunTime:0.000633s ]
INFO: [ app_begin ] --END-- [ RunTime:0.001005s ]
ERR: 非法操作:ajax

[ 2016-08-10T16:08:39+08:00 ] ::1 /wxeditorNew/index.php/Home/Index/ajax/tab/tab4
INFO: [ app_begin ] --START--
INFO: Run Behavior\ReadHtmlCacheBehavior [ RunTime:0.000577s ]
INFO: [ app_begin ] --END-- [ RunTime:0.000915s ]
ERR: 非法操作:ajax

[ 2016-08-10T16:08:40+08:00 ] ::1 /wxeditorNew/index.php/Home/Index/ajax/tab/tab5
INFO: [ app_begin ] --START--
INFO: Run Behavior\ReadHtmlCacheBehavior [ RunTime:0.000552s ]
INFO: [ app_begin ] --END-- [ RunTime:0.000898s ]
ERR: 非法操作:ajax

[ 2016-08-10T16:08:41+08:00 ] ::1 /wxeditorNew/index.php/Home/Index/ajax/tab/tab4
INFO: [ app_begin ] --START--
INFO: Run Behavior\ReadHtmlCacheBehavior [ RunTime:0.000743s ]
INFO: [ app_begin ] --END-- [ RunTime:0.001492s ]
ERR: 非法操作:ajax

[ 2016-08-10T16:12:23+08:00 ] ::1 /wxeditorNew/index.php/Home/Index/ajax/tab/tab2
INFO: [ app_begin ] --START--
INFO: Run Behavior\ReadHtmlCacheBehavior [ RunTime:0.000569s ]
INFO: [ app_begin ] --END-- [ RunTime:0.001042s ]
ERR: 非法操作:ajax

[ 2016-08-10T16:12:24+08:00 ] ::1 /wxeditorNew/index.php/Home/Index/ajax/tab/tab3
INFO: [ app_begin ] --START--
INFO: Run Behavior\ReadHtmlCacheBehavior [ RunTime:0.000556s ]
INFO: [ app_begin ] --END-- [ RunTime:0.000901s ]
ERR: 非法操作:ajax

[ 2016-08-10T16:12:25+08:00 ] ::1 /wxeditorNew/index.php/Home/Index/ajax/tab/tab4
INFO: [ app_begin ] --START--
INFO: Run Behavior\ReadHtmlCacheBehavior [ RunTime:0.000548s ]
INFO: [ app_begin ] --END-- [ RunTime:0.000889s ]
ERR: 非法操作:ajax

[ 2016-08-10T16:12:26+08:00 ] ::1 /wxeditorNew/index.php/Home/Index/ajax/tab/tab5
INFO: [ app_begin ] --START--
INFO: Run Behavior\ReadHtmlCacheBehavior [ RunTime:0.000568s ]
INFO: [ app_begin ] --END-- [ RunTime:0.000951s ]
ERR: 非法操作:ajax

[ 2016-08-10T16:12:26+08:00 ] ::1 /wxeditorNew/index.php/Home/Index/ajax/tab/tab6
INFO: [ app_begin ] --START--
INFO: Run Behavior\ReadHtmlCacheBehavior [ RunTime:0.000804s ]
INFO: [ app_begin ] --END-- [ RunTime:0.001202s ]
ERR: 非法操作:ajax

[ 2016-08-10T16:12:27+08:00 ] ::1 /wxeditorNew/index.php/Home/Index/ajax/tab/tab7
INFO: [ app_begin ] --START--
INFO: Run Behavior\ReadHtmlCacheBehavior [ RunTime:0.000886s ]
INFO: [ app_begin ] --END-- [ RunTime:0.001230s ]
ERR: 非法操作:ajax

[ 2016-08-10T16:13:53+08:00 ] ::1 /wxeditorNew/index.php/Home/Index/ajax/tab/tab2
INFO: [ app_begin ] --START--
INFO: Run Behavior\ReadHtmlCacheBehavior [ RunTime:0.000663s ]
INFO: [ app_begin ] --END-- [ RunTime:0.001175s ]
ERR: 非法操作:ajax

[ 2016-08-10T16:13:56+08:00 ] ::1 /wxeditorNew/index.php/Home/Index/ajax/tab/tab4
INFO: [ app_begin ] --START--
INFO: Run Behavior\ReadHtmlCacheBehavior [ RunTime:0.000542s ]
INFO: [ app_begin ] --END-- [ RunTime:0.000880s ]
ERR: 非法操作:ajax

[ 2016-08-10T16:13:58+08:00 ] ::1 /wxeditorNew/index.php/Home/Index/ajax/tab/tab5
INFO: [ app_begin ] --START--
INFO: Run Behavior\ReadHtmlCacheBehavior [ RunTime:0.000670s ]
INFO: [ app_begin ] --END-- [ RunTime:0.001112s ]
ERR: 非法操作:ajax

[ 2016-08-10T16:15:14+08:00 ] ::1 /wxeditorNew/index.php/Home/Index/ajax/tab/tab2
INFO: [ app_begin ] --START--
INFO: Run Behavior\ReadHtmlCacheBehavior [ RunTime:0.000621s ]
INFO: [ app_begin ] --END-- [ RunTime:0.000941s ]
ERR: 非法操作:ajax

[ 2016-08-10T16:15:16+08:00 ] ::1 /wxeditorNew/index.php/Home/Index/ajax/tab/tab3
INFO: [ app_begin ] --START--
INFO: Run Behavior\ReadHtmlCacheBehavior [ RunTime:0.000583s ]
INFO: [ app_begin ] --END-- [ RunTime:0.000908s ]
ERR: 非法操作:ajax

[ 2016-08-10T16:15:18+08:00 ] ::1 /wxeditorNew/index.php/Home/Index/ajax/tab/tab5
INFO: [ app_begin ] --START--
INFO: Run Behavior\ReadHtmlCacheBehavior [ RunTime:0.001328s ]
INFO: [ app_begin ] --END-- [ RunTime:0.002689s ]
ERR: 非法操作:ajax

[ 2016-08-10T16:15:23+08:00 ] ::1 /wxeditorNew/index.php/Home/Index/ajax/tab/tab6
INFO: [ app_begin ] --START--
INFO: Run Behavior\ReadHtmlCacheBehavior [ RunTime:0.000590s ]
INFO: [ app_begin ] --END-- [ RunTime:0.000975s ]
ERR: 非法操作:ajax

