[ 2016-08-09T09:22:49+08:00 ] ::1 /wxeditorNew/index.php/admin
INFO: [ app_init ] --START--
INFO: Run Behavior\BuildLiteBehavior [ RunTime:0.000012s ]
INFO: [ app_init ] --END-- [ RunTime:0.000373s ]
INFO: [ app_begin ] --START--
INFO: Run Behavior\ReadHtmlCacheBehavior [ RunTime:0.000574s ]
INFO: [ app_begin ] --END-- [ RunTime:0.000612s ]
INFO: [ view_parse ] --START--
INFO: [ template_filter ] --START--
INFO: Run Behavior\ContentReplaceBehavior [ RunTime:0.000039s ]
INFO: [ template_filter ] --END-- [ RunTime:0.000080s ]
INFO: Run Behavior\ParseTemplateBehavior [ RunTime:0.006636s ]
INFO: [ view_parse ] --END-- [ RunTime:0.006691s ]
INFO: [ view_filter ] --START--
INFO: Run Behavior\WriteHtmlCacheBehavior [ RunTime:0.000349s ]
INFO: [ view_filter ] --END-- [ RunTime:0.000381s ]
INFO: [ app_end ] --START--
INFO: Run Behavior\ShowPageTraceBehavior [ RunTime:0.000575s ]
INFO: [ app_end ] --END-- [ RunTime:0.000609s ]

[ 2016-08-09T09:25:26+08:00 ] ::1 /wxeditorNew/index.php/admin
INFO: [ app_init ] --START--
INFO: Run Behavior\BuildLiteBehavior [ RunTime:0.000012s ]
INFO: [ app_init ] --END-- [ RunTime:0.000372s ]
INFO: [ app_begin ] --START--
INFO: Run Behavior\ReadHtmlCacheBehavior [ RunTime:0.000601s ]
INFO: [ app_begin ] --END-- [ RunTime:0.000645s ]
INFO: [ view_parse ] --START--
INFO: [ template_filter ] --START--
INFO: Run Behavior\ContentReplaceBehavior [ RunTime:0.000032s ]
INFO: [ template_filter ] --END-- [ RunTime:0.000070s ]
INFO: Run Behavior\ParseTemplateBehavior [ RunTime:0.005679s ]
INFO: [ view_parse ] --END-- [ RunTime:0.005720s ]
INFO: [ view_filter ] --START--
INFO: Run Behavior\WriteHtmlCacheBehavior [ RunTime:0.000318s ]
INFO: [ view_filter ] --END-- [ RunTime:0.000350s ]
INFO: [ app_end ] --START--
INFO: Run Behavior\ShowPageTraceBehavior [ RunTime:0.000541s ]
INFO: [ app_end ] --END-- [ RunTime:0.000572s ]

[ 2016-08-09T09:26:57+08:00 ] ::1 /wxeditorNew/index.php/admin
INFO: [ app_init ] --START--
INFO: Run Behavior\BuildLiteBehavior [ RunTime:0.000011s ]
INFO: [ app_init ] --END-- [ RunTime:0.000364s ]
INFO: [ app_begin ] --START--
INFO: Run Behavior\ReadHtmlCacheBehavior [ RunTime:0.000549s ]
INFO: [ app_begin ] --END-- [ RunTime:0.000587s ]
INFO: [ view_parse ] --START--
INFO: [ template_filter ] --START--
INFO: Run Behavior\ContentReplaceBehavior [ RunTime:0.000031s ]
INFO: [ template_filter ] --END-- [ RunTime:0.000073s ]
INFO: Run Behavior\ParseTemplateBehavior [ RunTime:0.005309s ]
INFO: [ view_parse ] --END-- [ RunTime:0.005348s ]
INFO: [ view_filter ] --START--
INFO: Run Behavior\WriteHtmlCacheBehavior [ RunTime:0.000365s ]
INFO: [ view_filter ] --END-- [ RunTime:0.000397s ]
INFO: [ app_end ] --START--
INFO: Run Behavior\ShowPageTraceBehavior [ RunTime:0.000524s ]
INFO: [ app_end ] --END-- [ RunTime:0.000557s ]

[ 2016-08-09T09:26:57+08:00 ] ::1 /wxeditorNew/index.php/Admin/Index/left.html
INFO: [ app_init ] --START--
INFO: Run Behavior\BuildLiteBehavior [ RunTime:0.000012s ]
INFO: [ app_init ] --END-- [ RunTime:0.000342s ]
INFO: [ app_begin ] --START--
INFO: Run Behavior\ReadHtmlCacheBehavior [ RunTime:0.000476s ]
INFO: [ app_begin ] --END-- [ RunTime:0.000515s ]
ERR: 模板不存在:./Application/Admin/View/Index/left.html

[ 2016-08-09T09:26:57+08:00 ] ::1 /wxeditorNew/index.php/Admin/Index/main.html
INFO: [ app_init ] --START--
INFO: Run Behavior\BuildLiteBehavior [ RunTime:0.000014s ]
INFO: [ app_init ] --END-- [ RunTime:0.000428s ]
INFO: [ app_begin ] --START--
INFO: Run Behavior\ReadHtmlCacheBehavior [ RunTime:0.000558s ]
INFO: [ app_begin ] --END-- [ RunTime:0.000599s ]
ERR: 模板不存在:./Application/Admin/View/Index/main.html

[ 2016-08-09T09:28:34+08:00 ] ::1 /wxeditorNew/index.php/admin
INFO: [ app_init ] --START--
INFO: Run Behavior\BuildLiteBehavior [ RunTime:0.000012s ]
INFO: [ app_init ] --END-- [ RunTime:0.000349s ]
INFO: [ app_begin ] --START--
INFO: Run Behavior\ReadHtmlCacheBehavior [ RunTime:0.000504s ]
INFO: [ app_begin ] --END-- [ RunTime:0.000543s ]
INFO: [ view_parse ] --START--
INFO: [ template_filter ] --START--
INFO: Run Behavior\ContentReplaceBehavior [ RunTime:0.000032s ]
INFO: [ template_filter ] --END-- [ RunTime:0.000070s ]
INFO: Run Behavior\ParseTemplateBehavior [ RunTime:0.005252s ]
INFO: [ view_parse ] --END-- [ RunTime:0.005291s ]
INFO: [ view_filter ] --START--
INFO: Run Behavior\WriteHtmlCacheBehavior [ RunTime:0.000304s ]
INFO: [ view_filter ] --END-- [ RunTime:0.000334s ]
INFO: [ app_end ] --START--
INFO: Run Behavior\ShowPageTraceBehavior [ RunTime:0.000518s ]
INFO: [ app_end ] --END-- [ RunTime:0.000550s ]

[ 2016-08-09T09:28:35+08:00 ] ::1 /wxeditorNew/index.php/Admin/Index/left.html
INFO: [ app_init ] --START--
INFO: Run Behavior\BuildLiteBehavior [ RunTime:0.000012s ]
INFO: [ app_init ] --END-- [ RunTime:0.000324s ]
INFO: [ app_begin ] --START--
INFO: Run Behavior\ReadHtmlCacheBehavior [ RunTime:0.000433s ]
INFO: [ app_begin ] --END-- [ RunTime:0.000472s ]
INFO: [ view_parse ] --START--
INFO: [ template_filter ] --START--
INFO: Run Behavior\ContentReplaceBehavior [ RunTime:0.000035s ]
INFO: [ template_filter ] --END-- [ RunTime:0.000068s ]
INFO: Run Behavior\ParseTemplateBehavior [ RunTime:0.013100s ]
INFO: [ view_parse ] --END-- [ RunTime:0.013139s ]
INFO: [ view_filter ] --START--
INFO: Run Behavior\WriteHtmlCacheBehavior [ RunTime:0.000232s ]
INFO: [ view_filter ] --END-- [ RunTime:0.000262s ]
INFO: [ app_end ] --START--
INFO: Run Behavior\ShowPageTraceBehavior [ RunTime:0.000429s ]
INFO: [ app_end ] --END-- [ RunTime:0.000460s ]

[ 2016-08-09T09:28:35+08:00 ] ::1 /wxeditorNew/index.php/Admin/Index/main.html
INFO: [ app_init ] --START--
INFO: Run Behavior\BuildLiteBehavior [ RunTime:0.000011s ]
INFO: [ app_init ] --END-- [ RunTime:0.000311s ]
INFO: [ app_begin ] --START--
INFO: Run Behavior\ReadHtmlCacheBehavior [ RunTime:0.000434s ]
INFO: [ app_begin ] --END-- [ RunTime:0.000471s ]
INFO: [ view_parse ] --START--
INFO: [ template_filter ] --START--
INFO: Run Behavior\ContentReplaceBehavior [ RunTime:0.000036s ]
INFO: [ template_filter ] --END-- [ RunTime:0.000079s ]
INFO: Run Behavior\ParseTemplateBehavior [ RunTime:0.005554s ]
INFO: [ view_parse ] --END-- [ RunTime:0.005598s ]
INFO: [ view_filter ] --START--
INFO: Run Behavior\WriteHtmlCacheBehavior [ RunTime:0.000302s ]
INFO: [ view_filter ] --END-- [ RunTime:0.000331s ]
INFO: [ app_end ] --START--
INFO: Run Behavior\ShowPageTraceBehavior [ RunTime:0.000624s ]
INFO: [ app_end ] --END-- [ RunTime:0.000669s ]

[ 2016-08-09T09:31:37+08:00 ] ::1 /wxeditorNew/index.php/admin
INFO: [ app_init ] --START--
INFO: Run Behavior\BuildLiteBehavior [ RunTime:0.000013s ]
INFO: [ app_init ] --END-- [ RunTime:0.000372s ]
INFO: [ app_begin ] --START--
INFO: Run Behavior\ReadHtmlCacheBehavior [ RunTime:0.000540s ]
INFO: [ app_begin ] --END-- [ RunTime:0.000578s ]
INFO: [ view_parse ] --START--
INFO: [ template_filter ] --START--
INFO: Run Behavior\ContentReplaceBehavior [ RunTime:0.000032s ]
INFO: [ template_filter ] --END-- [ RunTime:0.000071s ]
INFO: Run Behavior\ParseTemplateBehavior [ RunTime:0.005124s ]
INFO: [ view_parse ] --END-- [ RunTime:0.005162s ]
INFO: [ view_filter ] --START--
INFO: Run Behavior\WriteHtmlCacheBehavior [ RunTime:0.000302s ]
INFO: [ view_filter ] --END-- [ RunTime:0.000333s ]
INFO: [ app_end ] --START--
INFO: Run Behavior\ShowPageTraceBehavior [ RunTime:0.000587s ]
INFO: [ app_end ] --END-- [ RunTime:0.000619s ]

[ 2016-08-09T09:31:37+08:00 ] ::1 /wxeditorNew/index.php/Admin/Index/left.html
INFO: [ app_init ] --START--
INFO: Run Behavior\BuildLiteBehavior [ RunTime:0.000013s ]
INFO: [ app_init ] --END-- [ RunTime:0.000345s ]
INFO: [ app_begin ] --START--
INFO: Run Behavior\ReadHtmlCacheBehavior [ RunTime:0.000476s ]
INFO: [ app_begin ] --END-- [ RunTime:0.000513s ]
INFO: [ view_parse ] --START--
INFO: [ template_filter ] --START--
INFO: Run Behavior\ContentReplaceBehavior [ RunTime:0.000042s ]
INFO: [ template_filter ] --END-- [ RunTime:0.000092s ]
INFO: Run Behavior\ParseTemplateBehavior [ RunTime:0.005450s ]
INFO: [ view_parse ] --END-- [ RunTime:0.005489s ]
INFO: [ view_filter ] --START--
INFO: Run Behavior\WriteHtmlCacheBehavior [ RunTime:0.000232s ]
INFO: [ view_filter ] --END-- [ RunTime:0.000261s ]
INFO: [ app_end ] --START--
INFO: Run Behavior\ShowPageTraceBehavior [ RunTime:0.000450s ]
INFO: [ app_end ] --END-- [ RunTime:0.000481s ]

[ 2016-08-09T09:31:37+08:00 ] ::1 /wxeditorNew/index.php/Admin/Index/main.html
INFO: [ app_init ] --START--
INFO: Run Behavior\BuildLiteBehavior [ RunTime:0.000011s ]
INFO: [ app_init ] --END-- [ RunTime:0.000368s ]
INFO: [ app_begin ] --START--
INFO: Run Behavior\ReadHtmlCacheBehavior [ RunTime:0.000535s ]
INFO: [ app_begin ] --END-- [ RunTime:0.000573s ]
INFO: [ view_parse ] --START--
INFO: [ template_filter ] --START--
INFO: Run Behavior\ContentReplaceBehavior [ RunTime:0.000039s ]
INFO: [ template_filter ] --END-- [ RunTime:0.000086s ]
INFO: Run Behavior\ParseTemplateBehavior [ RunTime:0.006267s ]
INFO: [ view_parse ] --END-- [ RunTime:0.006338s ]
INFO: [ view_filter ] --START--
INFO: Run Behavior\WriteHtmlCacheBehavior [ RunTime:0.000299s ]
INFO: [ view_filter ] --END-- [ RunTime:0.000329s ]
INFO: [ app_end ] --START--
INFO: Run Behavior\ShowPageTraceBehavior [ RunTime:0.000541s ]
INFO: [ app_end ] --END-- [ RunTime:0.000573s ]

[ 2016-08-09T09:31:39+08:00 ] ::1 /wxeditorNew/index.php/admin
INFO: [ app_init ] --START--
INFO: Run Behavior\BuildLiteBehavior [ RunTime:0.000023s ]
INFO: [ app_init ] --END-- [ RunTime:0.000436s ]
INFO: [ app_begin ] --START--
INFO: Run Behavior\ReadHtmlCacheBehavior [ RunTime:0.000474s ]
INFO: [ app_begin ] --END-- [ RunTime:0.000511s ]
INFO: [ view_parse ] --START--
INFO: [ template_filter ] --START--
INFO: Run Behavior\ContentReplaceBehavior [ RunTime:0.000031s ]
INFO: [ template_filter ] --END-- [ RunTime:0.000085s ]
INFO: Run Behavior\ParseTemplateBehavior [ RunTime:0.005134s ]
INFO: [ view_parse ] --END-- [ RunTime:0.005170s ]
INFO: [ view_filter ] --START--
INFO: Run Behavior\WriteHtmlCacheBehavior [ RunTime:0.000230s ]
INFO: [ view_filter ] --END-- [ RunTime:0.000259s ]
INFO: [ app_end ] --START--
INFO: Run Behavior\ShowPageTraceBehavior [ RunTime:0.000443s ]
INFO: [ app_end ] --END-- [ RunTime:0.000474s ]

[ 2016-08-09T09:31:39+08:00 ] ::1 /wxeditorNew/index.php/Admin/Index/left.html
INFO: [ app_init ] --START--
INFO: Run Behavior\BuildLiteBehavior [ RunTime:0.000013s ]
INFO: [ app_init ] --END-- [ RunTime:0.000344s ]
INFO: [ app_begin ] --START--
INFO: Run Behavior\ReadHtmlCacheBehavior [ RunTime:0.000458s ]
INFO: [ app_begin ] --END-- [ RunTime:0.000496s ]
INFO: [ view_parse ] --START--
INFO: [ template_filter ] --START--
INFO: Run Behavior\ContentReplaceBehavior [ RunTime:0.000042s ]
INFO: [ template_filter ] --END-- [ RunTime:0.000081s ]
INFO: Run Behavior\ParseTemplateBehavior [ RunTime:0.005282s ]
INFO: [ view_parse ] --END-- [ RunTime:0.005321s ]
INFO: [ view_filter ] --START--
INFO: Run Behavior\WriteHtmlCacheBehavior [ RunTime:0.000255s ]
INFO: [ view_filter ] --END-- [ RunTime:0.000286s ]
INFO: [ app_end ] --START--
INFO: Run Behavior\ShowPageTraceBehavior [ RunTime:0.000439s ]
INFO: [ app_end ] --END-- [ RunTime:0.000472s ]

[ 2016-08-09T09:31:39+08:00 ] ::1 /wxeditorNew/index.php/Admin/Index/main.html
INFO: [ app_init ] --START--
INFO: Run Behavior\BuildLiteBehavior [ RunTime:0.000012s ]
INFO: [ app_init ] --END-- [ RunTime:0.000426s ]
INFO: [ app_begin ] --START--
INFO: Run Behavior\ReadHtmlCacheBehavior [ RunTime:0.000466s ]
INFO: [ app_begin ] --END-- [ RunTime:0.000503s ]
INFO: [ view_parse ] --START--
INFO: [ template_filter ] --START--
INFO: Run Behavior\ContentReplaceBehavior [ RunTime:0.000045s ]
INFO: [ template_filter ] --END-- [ RunTime:0.000103s ]
INFO: Run Behavior\ParseTemplateBehavior [ RunTime:0.005789s ]
INFO: [ view_parse ] --END-- [ RunTime:0.005851s ]
INFO: [ view_filter ] --START--
INFO: Run Behavior\WriteHtmlCacheBehavior [ RunTime:0.000298s ]
INFO: [ view_filter ] --END-- [ RunTime:0.000331s ]
INFO: [ app_end ] --START--
INFO: Run Behavior\ShowPageTraceBehavior [ RunTime:0.000475s ]
INFO: [ app_end ] --END-- [ RunTime:0.000508s ]

[ 2016-08-09T09:32:52+08:00 ] ::1 /wxeditorNew/index.php/admin
INFO: [ app_init ] --START--
INFO: Run Behavior\BuildLiteBehavior [ RunTime:0.000011s ]
INFO: [ app_init ] --END-- [ RunTime:0.000365s ]
INFO: [ app_begin ] --START--
INFO: Run Behavior\ReadHtmlCacheBehavior [ RunTime:0.000557s ]
INFO: [ app_begin ] --END-- [ RunTime:0.000596s ]
INFO: [ view_parse ] --START--
INFO: [ template_filter ] --START--
INFO: Run Behavior\ContentReplaceBehavior [ RunTime:0.000032s ]
INFO: [ template_filter ] --END-- [ RunTime:0.000074s ]
INFO: Run Behavior\ParseTemplateBehavior [ RunTime:0.005583s ]
INFO: [ view_parse ] --END-- [ RunTime:0.005624s ]
INFO: [ view_filter ] --START--
INFO: Run Behavior\WriteHtmlCacheBehavior [ RunTime:0.000316s ]
INFO: [ view_filter ] --END-- [ RunTime:0.000348s ]
INFO: [ app_end ] --START--
INFO: Run Behavior\ShowPageTraceBehavior [ RunTime:0.000534s ]
INFO: [ app_end ] --END-- [ RunTime:0.000567s ]

[ 2016-08-09T09:32:52+08:00 ] ::1 /wxeditorNew/index.php/Admin/Index/left.html
INFO: [ app_init ] --START--
INFO: Run Behavior\BuildLiteBehavior [ RunTime:0.000012s ]
INFO: [ app_init ] --END-- [ RunTime:0.000372s ]
INFO: [ app_begin ] --START--
INFO: Run Behavior\ReadHtmlCacheBehavior [ RunTime:0.000659s ]
INFO: [ app_begin ] --END-- [ RunTime:0.000702s ]
INFO: [ view_parse ] --START--
INFO: [ template_filter ] --START--
INFO: Run Behavior\ContentReplaceBehavior [ RunTime:0.000038s ]
INFO: [ template_filter ] --END-- [ RunTime:0.000076s ]
INFO: Run Behavior\ParseTemplateBehavior [ RunTime:0.006345s ]
INFO: [ view_parse ] --END-- [ RunTime:0.006384s ]
INFO: [ view_filter ] --START--
INFO: Run Behavior\WriteHtmlCacheBehavior [ RunTime:0.000229s ]
INFO: [ view_filter ] --END-- [ RunTime:0.000258s ]
INFO: [ app_end ] --START--
INFO: Run Behavior\ShowPageTraceBehavior [ RunTime:0.000431s ]
INFO: [ app_end ] --END-- [ RunTime:0.000461s ]

[ 2016-08-09T09:32:52+08:00 ] ::1 /wxeditorNew/index.php/Admin/Index/main.html
INFO: [ app_init ] --START--
INFO: Run Behavior\BuildLiteBehavior [ RunTime:0.000013s ]
INFO: [ app_init ] --END-- [ RunTime:0.000394s ]
INFO: [ app_begin ] --START--
INFO: Run Behavior\ReadHtmlCacheBehavior [ RunTime:0.000581s ]
INFO: [ app_begin ] --END-- [ RunTime:0.000618s ]
INFO: [ view_parse ] --START--
INFO: [ template_filter ] --START--
INFO: Run Behavior\ContentReplaceBehavior [ RunTime:0.000038s ]
INFO: [ template_filter ] --END-- [ RunTime:0.000080s ]
INFO: Run Behavior\ParseTemplateBehavior [ RunTime:0.005670s ]
INFO: [ view_parse ] --END-- [ RunTime:0.005711s ]
INFO: [ view_filter ] --START--
INFO: Run Behavior\WriteHtmlCacheBehavior [ RunTime:0.000289s ]
INFO: [ view_filter ] --END-- [ RunTime:0.000318s ]
INFO: [ app_end ] --START--
INFO: Run Behavior\ShowPageTraceBehavior [ RunTime:0.000529s ]
INFO: [ app_end ] --END-- [ RunTime:0.000560s ]

[ 2016-08-09T09:32:59+08:00 ] ::1 /wxeditorNew/index.php/admin
INFO: [ app_init ] --START--
INFO: Run Behavior\BuildLiteBehavior [ RunTime:0.000010s ]
INFO: [ app_init ] --END-- [ RunTime:0.000316s ]
INFO: [ app_begin ] --START--
INFO: Run Behavior\ReadHtmlCacheBehavior [ RunTime:0.000429s ]
INFO: [ app_begin ] --END-- [ RunTime:0.000463s ]
INFO: [ view_parse ] --START--
INFO: [ template_filter ] --START--
INFO: Run Behavior\ContentReplaceBehavior [ RunTime:0.000030s ]
INFO: [ template_filter ] --END-- [ RunTime:0.000074s ]
INFO: Run Behavior\ParseTemplateBehavior [ RunTime:0.005971s ]
INFO: [ view_parse ] --END-- [ RunTime:0.006043s ]
INFO: [ view_filter ] --START--
INFO: Run Behavior\WriteHtmlCacheBehavior [ RunTime:0.000405s ]
INFO: [ view_filter ] --END-- [ RunTime:0.000443s ]
INFO: [ app_end ] --START--
INFO: Run Behavior\ShowPageTraceBehavior [ RunTime:0.000620s ]
INFO: [ app_end ] --END-- [ RunTime:0.000651s ]

[ 2016-08-09T09:32:59+08:00 ] ::1 /wxeditorNew/index.php/Admin/Index/left.html
INFO: [ app_init ] --START--
INFO: Run Behavior\BuildLiteBehavior [ RunTime:0.000048s ]
INFO: [ app_init ] --END-- [ RunTime:0.000571s ]
INFO: [ app_begin ] --START--
INFO: Run Behavior\ReadHtmlCacheBehavior [ RunTime:0.000646s ]
INFO: [ app_begin ] --END-- [ RunTime:0.000691s ]
INFO: [ view_parse ] --START--
INFO: [ template_filter ] --START--
INFO: Run Behavior\ContentReplaceBehavior [ RunTime:0.000062s ]
INFO: [ template_filter ] --END-- [ RunTime:0.000133s ]
INFO: Run Behavior\ParseTemplateBehavior [ RunTime:0.008226s ]
INFO: [ view_parse ] --END-- [ RunTime:0.008272s ]
INFO: [ view_filter ] --START--
INFO: Run Behavior\WriteHtmlCacheBehavior [ RunTime:0.000310s ]
INFO: [ view_filter ] --END-- [ RunTime:0.000341s ]
INFO: [ app_end ] --START--
INFO: Run Behavior\ShowPageTraceBehavior [ RunTime:0.000461s ]
INFO: [ app_end ] --END-- [ RunTime:0.000506s ]

[ 2016-08-09T09:32:59+08:00 ] ::1 /wxeditorNew/index.php/Admin/Index/main.html
INFO: [ app_init ] --START--
INFO: Run Behavior\BuildLiteBehavior [ RunTime:0.000012s ]
INFO: [ app_init ] --END-- [ RunTime:0.000366s ]
INFO: [ app_begin ] --START--
INFO: Run Behavior\ReadHtmlCacheBehavior [ RunTime:0.000635s ]
INFO: [ app_begin ] --END-- [ RunTime:0.000735s ]
INFO: [ view_parse ] --START--
INFO: [ template_filter ] --START--
INFO: Run Behavior\ContentReplaceBehavior [ RunTime:0.000079s ]
INFO: [ template_filter ] --END-- [ RunTime:0.000166s ]
INFO: Run Behavior\ParseTemplateBehavior [ RunTime:0.009304s ]
INFO: [ view_parse ] --END-- [ RunTime:0.009402s ]
INFO: [ view_filter ] --START--
INFO: Run Behavior\WriteHtmlCacheBehavior [ RunTime:0.000359s ]
INFO: [ view_filter ] --END-- [ RunTime:0.000394s ]
INFO: [ app_end ] --START--
INFO: Run Behavior\ShowPageTraceBehavior [ RunTime:0.000847s ]
INFO: [ app_end ] --END-- [ RunTime:0.000905s ]

[ 2016-08-09T09:37:04+08:00 ] ::1 /wxeditorNew/index.php/admin
INFO: [ app_init ] --START--
INFO: Run Behavior\BuildLiteBehavior [ RunTime:0.000012s ]
INFO: [ app_init ] --END-- [ RunTime:0.000387s ]
INFO: [ app_begin ] --START--
INFO: Run Behavior\ReadHtmlCacheBehavior [ RunTime:0.000554s ]
INFO: [ app_begin ] --END-- [ RunTime:0.000592s ]
INFO: [ view_parse ] --START--
INFO: [ template_filter ] --START--
INFO: Run Behavior\ContentReplaceBehavior [ RunTime:0.000030s ]
INFO: [ template_filter ] --END-- [ RunTime:0.000066s ]
NOTIC: [8] Use of undefined constant ADMIN_PUBLIC - assumed 'ADMIN_PUBLIC' D:\xampp\htdocs\wxeditorNew\Application\Runtime\Cache\Admin\b595b808c2ebeeeb0478ffc30bb4e87a.php 第 5 行.
INFO: Run Behavior\ParseTemplateBehavior [ RunTime:0.005120s ]
INFO: [ view_parse ] --END-- [ RunTime:0.005154s ]
INFO: [ view_filter ] --START--
INFO: Run Behavior\WriteHtmlCacheBehavior [ RunTime:0.000294s ]
INFO: [ view_filter ] --END-- [ RunTime:0.000324s ]
INFO: [ app_end ] --START--
INFO: Run Behavior\ShowPageTraceBehavior [ RunTime:0.000515s ]
INFO: [ app_end ] --END-- [ RunTime:0.000548s ]

[ 2016-08-09T09:37:04+08:00 ] ::1 /wxeditorNew/index.php/Admin/Index/left.html
INFO: [ app_init ] --START--
INFO: Run Behavior\BuildLiteBehavior [ RunTime:0.000012s ]
INFO: [ app_init ] --END-- [ RunTime:0.000346s ]
INFO: [ app_begin ] --START--
INFO: Run Behavior\ReadHtmlCacheBehavior [ RunTime:0.000469s ]
INFO: [ app_begin ] --END-- [ RunTime:0.000512s ]
INFO: [ view_parse ] --START--
INFO: [ template_filter ] --START--
INFO: Run Behavior\ContentReplaceBehavior [ RunTime:0.000042s ]
INFO: [ template_filter ] --END-- [ RunTime:0.000081s ]
INFO: Run Behavior\ParseTemplateBehavior [ RunTime:0.005682s ]
INFO: [ view_parse ] --END-- [ RunTime:0.005724s ]
INFO: [ view_filter ] --START--
INFO: Run Behavior\WriteHtmlCacheBehavior [ RunTime:0.000251s ]
INFO: [ view_filter ] --END-- [ RunTime:0.000282s ]
INFO: [ app_end ] --START--
INFO: Run Behavior\ShowPageTraceBehavior [ RunTime:0.000512s ]
INFO: [ app_end ] --END-- [ RunTime:0.000549s ]

[ 2016-08-09T09:37:04+08:00 ] ::1 /wxeditorNew/index.php/Admin/Index/main.html
INFO: [ app_init ] --START--
INFO: Run Behavior\BuildLiteBehavior [ RunTime:0.000012s ]
INFO: [ app_init ] --END-- [ RunTime:0.000375s ]
INFO: [ app_begin ] --START--
INFO: Run Behavior\ReadHtmlCacheBehavior [ RunTime:0.000760s ]
INFO: [ app_begin ] --END-- [ RunTime:0.000807s ]
INFO: [ view_parse ] --START--
INFO: [ template_filter ] --START--
INFO: Run Behavior\ContentReplaceBehavior [ RunTime:0.000039s ]
INFO: [ template_filter ] --END-- [ RunTime:0.000083s ]
INFO: Run Behavior\ParseTemplateBehavior [ RunTime:0.005497s ]
INFO: [ view_parse ] --END-- [ RunTime:0.005550s ]
INFO: [ view_filter ] --START--
INFO: Run Behavior\WriteHtmlCacheBehavior [ RunTime:0.000300s ]
INFO: [ view_filter ] --END-- [ RunTime:0.000329s ]
INFO: [ app_end ] --START--
INFO: Run Behavior\ShowPageTraceBehavior [ RunTime:0.000515s ]
INFO: [ app_end ] --END-- [ RunTime:0.000548s ]

[ 2016-08-09T09:40:21+08:00 ] ::1 /wxeditorNew/index.php/admin
INFO: [ app_init ] --START--
INFO: Run Behavior\BuildLiteBehavior [ RunTime:0.000013s ]
INFO: [ app_init ] --END-- [ RunTime:0.000383s ]
INFO: [ app_begin ] --START--
INFO: Run Behavior\ReadHtmlCacheBehavior [ RunTime:0.000542s ]
INFO: [ app_begin ] --END-- [ RunTime:0.000582s ]
INFO: [ view_parse ] --START--
INFO: [ template_filter ] --START--
INFO: Run Behavior\ContentReplaceBehavior [ RunTime:0.000029s ]
INFO: [ template_filter ] --END-- [ RunTime:0.000065s ]
NOTIC: [8] Use of undefined constant HOME_PUBLIC - assumed 'HOME_PUBLIC' D:\xampp\htdocs\wxeditorNew\Application\Runtime\Cache\Admin\b595b808c2ebeeeb0478ffc30bb4e87a.php 第 11 行.
NOTIC: [8] Use of undefined constant HOME_PUBLIC - assumed 'HOME_PUBLIC' D:\xampp\htdocs\wxeditorNew\Application\Runtime\Cache\Admin\b595b808c2ebeeeb0478ffc30bb4e87a.php 第 14 行.
NOTIC: [8] Use of undefined constant HOME_PUBLIC - assumed 'HOME_PUBLIC' D:\xampp\htdocs\wxeditorNew\Application\Runtime\Cache\Admin\b595b808c2ebeeeb0478ffc30bb4e87a.php 第 33 行.
INFO: Run Behavior\ParseTemplateBehavior [ RunTime:0.005036s ]
INFO: [ view_parse ] --END-- [ RunTime:0.005070s ]
INFO: [ view_filter ] --START--
INFO: Run Behavior\WriteHtmlCacheBehavior [ RunTime:0.000306s ]
INFO: [ view_filter ] --END-- [ RunTime:0.000338s ]
INFO: [ app_end ] --START--
INFO: Run Behavior\ShowPageTraceBehavior [ RunTime:0.000518s ]
INFO: [ app_end ] --END-- [ RunTime:0.000551s ]

[ 2016-08-09T09:40:21+08:00 ] ::1 /wxeditorNew/index.php/Admin/Index/left.html
INFO: [ app_init ] --START--
INFO: Run Behavior\BuildLiteBehavior [ RunTime:0.000013s ]
INFO: [ app_init ] --END-- [ RunTime:0.000360s ]
INFO: [ app_begin ] --START--
INFO: Run Behavior\ReadHtmlCacheBehavior [ RunTime:0.000485s ]
INFO: [ app_begin ] --END-- [ RunTime:0.000555s ]
INFO: [ view_parse ] --START--
INFO: [ template_filter ] --START--
INFO: Run Behavior\ContentReplaceBehavior [ RunTime:0.000042s ]
INFO: [ template_filter ] --END-- [ RunTime:0.000087s ]
NOTIC: [8] Use of undefined constant HOME_PUBLIC - assumed 'HOME_PUBLIC' D:\xampp\htdocs\wxeditorNew\Application\Runtime\Cache\Admin\6778f0baf40e879d2b8c18d2052abd0c.php 第 6 行.
NOTIC: [8] Use of undefined constant HOME_PUBLIC - assumed 'HOME_PUBLIC' D:\xampp\htdocs\wxeditorNew\Application\Runtime\Cache\Admin\6778f0baf40e879d2b8c18d2052abd0c.php 第 10 行.
NOTIC: [8] Use of undefined constant HOME_PUBLIC - assumed 'HOME_PUBLIC' D:\xampp\htdocs\wxeditorNew\Application\Runtime\Cache\Admin\6778f0baf40e879d2b8c18d2052abd0c.php 第 15 行.
NOTIC: [8] Use of undefined constant HOME_PUBLIC - assumed 'HOME_PUBLIC' D:\xampp\htdocs\wxeditorNew\Application\Runtime\Cache\Admin\6778f0baf40e879d2b8c18d2052abd0c.php 第 16 行.
NOTIC: [8] Use of undefined constant HOME_PUBLIC - assumed 'HOME_PUBLIC' D:\xampp\htdocs\wxeditorNew\Application\Runtime\Cache\Admin\6778f0baf40e879d2b8c18d2052abd0c.php 第 17 行.
NOTIC: [8] Use of undefined constant HOME_PUBLIC - assumed 'HOME_PUBLIC' D:\xampp\htdocs\wxeditorNew\Application\Runtime\Cache\Admin\6778f0baf40e879d2b8c18d2052abd0c.php 第 20 行.
NOTIC: [8] Use of undefined constant HOME_PUBLIC - assumed 'HOME_PUBLIC' D:\xampp\htdocs\wxeditorNew\Application\Runtime\Cache\Admin\6778f0baf40e879d2b8c18d2052abd0c.php 第 22 行.
NOTIC: [8] Use of undefined constant HOME_PUBLIC - assumed 'HOME_PUBLIC' D:\xampp\htdocs\wxeditorNew\Application\Runtime\Cache\Admin\6778f0baf40e879d2b8c18d2052abd0c.php 第 23 行.
NOTIC: [8] Use of undefined constant HOME_PUBLIC - assumed 'HOME_PUBLIC' D:\xampp\htdocs\wxeditorNew\Application\Runtime\Cache\Admin\6778f0baf40e879d2b8c18d2052abd0c.php 第 24 行.
NOTIC: [8] Use of undefined constant HOME_PUBLIC - assumed 'HOME_PUBLIC' D:\xampp\htdocs\wxeditorNew\Application\Runtime\Cache\Admin\6778f0baf40e879d2b8c18d2052abd0c.php 第 25 行.
NOTIC: [8] Use of undefined constant HOME_PUBLIC - assumed 'HOME_PUBLIC' D:\xampp\htdocs\wxeditorNew\Application\Runtime\Cache\Admin\6778f0baf40e879d2b8c18d2052abd0c.php 第 26 行.
NOTIC: [8] Use of undefined constant HOME_PUBLIC - assumed 'HOME_PUBLIC' D:\xampp\htdocs\wxeditorNew\Application\Runtime\Cache\Admin\6778f0baf40e879d2b8c18d2052abd0c.php 第 27 行.
NOTIC: [8] Use of undefined constant HOME_PUBLIC - assumed 'HOME_PUBLIC' D:\xampp\htdocs\wxeditorNew\Application\Runtime\Cache\Admin\6778f0baf40e879d2b8c18d2052abd0c.php 第 28 行.
NOTIC: [8] Use of undefined constant HOME_PUBLIC - assumed 'HOME_PUBLIC' D:\xampp\htdocs\wxeditorNew\Application\Runtime\Cache\Admin\6778f0baf40e879d2b8c18d2052abd0c.php 第 29 行.
NOTIC: [8] Use of undefined constant HOME_PUBLIC - assumed 'HOME_PUBLIC' D:\xampp\htdocs\wxeditorNew\Application\Runtime\Cache\Admin\6778f0baf40e879d2b8c18d2052abd0c.php 第 34 行.
NOTIC: [8] Use of undefined constant HOME_PUBLIC - assumed 'HOME_PUBLIC' D:\xampp\htdocs\wxeditorNew\Application\Runtime\Cache\Admin\6778f0baf40e879d2b8c18d2052abd0c.php 第 36 行.
NOTIC: [8] Use of undefined constant HOME_PUBLIC - assumed 'HOME_PUBLIC' D:\xampp\htdocs\wxeditorNew\Application\Runtime\Cache\Admin\6778f0baf40e879d2b8c18d2052abd0c.php 第 37 行.
NOTIC: [8] Use of undefined constant HOME_PUBLIC - assumed 'HOME_PUBLIC' D:\xampp\htdocs\wxeditorNew\Application\Runtime\Cache\Admin\6778f0baf40e879d2b8c18d2052abd0c.php 第 40 行.
INFO: Run Behavior\ParseTemplateBehavior [ RunTime:0.005585s ]
INFO: [ view_parse ] --END-- [ RunTime:0.005620s ]
INFO: [ view_filter ] --START--
INFO: Run Behavior\WriteHtmlCacheBehavior [ RunTime:0.000239s ]
INFO: [ view_filter ] --END-- [ RunTime:0.000270s ]
INFO: [ app_end ] --START--
INFO: Run Behavior\ShowPageTraceBehavior [ RunTime:0.000658s ]
INFO: [ app_end ] --END-- [ RunTime:0.000690s ]

[ 2016-08-09T09:40:21+08:00 ] ::1 /wxeditorNew/index.php/Admin/Index/main.html
INFO: [ app_init ] --START--
INFO: Run Behavior\BuildLiteBehavior [ RunTime:0.000012s ]
INFO: [ app_init ] --END-- [ RunTime:0.000366s ]
INFO: [ app_begin ] --START--
INFO: Run Behavior\ReadHtmlCacheBehavior [ RunTime:0.000544s ]
INFO: [ app_begin ] --END-- [ RunTime:0.000583s ]
INFO: [ view_parse ] --START--
INFO: [ template_filter ] --START--
INFO: Run Behavior\ContentReplaceBehavior [ RunTime:0.000218s ]
INFO: [ template_filter ] --END-- [ RunTime:0.000292s ]
NOTIC: [8] Use of undefined constant HOME_PUBLIC - assumed 'HOME_PUBLIC' D:\xampp\htdocs\wxeditorNew\Application\Runtime\Cache\Admin\b0f0b709690a72033d17719e8059053c.php 第 6 行.
NOTIC: [8] Use of undefined constant HOME_PUBLIC - assumed 'HOME_PUBLIC' D:\xampp\htdocs\wxeditorNew\Application\Runtime\Cache\Admin\b0f0b709690a72033d17719e8059053c.php 第 39 行.
NOTIC: [8] Use of undefined constant HOME_PUBLIC - assumed 'HOME_PUBLIC' D:\xampp\htdocs\wxeditorNew\Application\Runtime\Cache\Admin\b0f0b709690a72033d17719e8059053c.php 第 40 行.
NOTIC: [8] Use of undefined constant HOME_PUBLIC - assumed 'HOME_PUBLIC' D:\xampp\htdocs\wxeditorNew\Application\Runtime\Cache\Admin\b0f0b709690a72033d17719e8059053c.php 第 76 行.
INFO: Run Behavior\ParseTemplateBehavior [ RunTime:0.006308s ]
INFO: [ view_parse ] --END-- [ RunTime:0.006367s ]
INFO: [ view_filter ] --START--
INFO: Run Behavior\WriteHtmlCacheBehavior [ RunTime:0.000338s ]
INFO: [ view_filter ] --END-- [ RunTime:0.000370s ]
INFO: [ app_end ] --START--
INFO: Run Behavior\ShowPageTraceBehavior [ RunTime:0.000655s ]
INFO: [ app_end ] --END-- [ RunTime:0.000688s ]

[ 2016-08-09T09:40:21+08:00 ] ::1 /wxeditorNew/index.php/Admin/Index/HOME_PUBLICcss/css.css
INFO: [ app_init ] --START--
INFO: Run Behavior\BuildLiteBehavior [ RunTime:0.000011s ]
INFO: [ app_init ] --END-- [ RunTime:0.000583s ]
INFO: [ app_begin ] --START--
INFO: Run Behavior\ReadHtmlCacheBehavior [ RunTime:0.000471s ]
INFO: [ app_begin ] --END-- [ RunTime:0.000510s ]
ERR: 非法操作:HOME_PUBLICcss

[ 2016-08-09T09:40:21+08:00 ] ::1 /wxeditorNew/index.php/Admin/Index/HOME_PUBLICimages/main_12.gif
INFO: [ app_init ] --START--
INFO: Run Behavior\BuildLiteBehavior [ RunTime:0.000012s ]
INFO: [ app_init ] --END-- [ RunTime:0.000364s ]

[ 2016-08-09T09:40:21+08:00 ] ::1 /wxeditorNew/index.php/Admin/Index/HOME_PUBLICimages/main_15.gif
INFO: [ app_init ] --START--
INFO: Run Behavior\BuildLiteBehavior [ RunTime:0.000012s ]
INFO: [ app_init ] --END-- [ RunTime:0.000348s ]

[ 2016-08-09T09:40:21+08:00 ] ::1 /wxeditorNew/index.php/Admin/Index/HOME_PUBLICimages/ico_ps.gif
INFO: [ app_init ] --START--
INFO: Run Behavior\BuildLiteBehavior [ RunTime:0.000125s ]
INFO: [ app_init ] --END-- [ RunTime:0.000527s ]

[ 2016-08-09T09:40:21+08:00 ] ::1 /wxeditorNew/index.php/Admin/Index/HOME_PUBLICimages/ico_admin.gif
INFO: [ app_init ] --START--
INFO: Run Behavior\BuildLiteBehavior [ RunTime:0.000013s ]
INFO: [ app_init ] --END-- [ RunTime:0.000356s ]

[ 2016-08-09T09:40:21+08:00 ] ::1 /wxeditorNew/index.php/Admin/Index/HOME_PUBLICimages/arrow_dot.gif
INFO: [ app_init ] --START--
INFO: Run Behavior\BuildLiteBehavior [ RunTime:0.000012s ]
INFO: [ app_init ] --END-- [ RunTime:0.000343s ]

[ 2016-08-09T09:40:21+08:00 ] ::1 /wxeditorNew/index.php/Admin/Index/HOME_PUBLICcss/css.css
INFO: [ app_init ] --START--
INFO: Run Behavior\BuildLiteBehavior [ RunTime:0.000013s ]
INFO: [ app_init ] --END-- [ RunTime:0.000606s ]
INFO: [ app_begin ] --START--
INFO: Run Behavior\ReadHtmlCacheBehavior [ RunTime:0.000499s ]
INFO: [ app_begin ] --END-- [ RunTime:0.000539s ]
ERR: 非法操作:HOME_PUBLICcss

[ 2016-08-09T09:40:21+08:00 ] ::1 /wxeditorNew/index.php/Admin/Index/HOME_PUBLICimages/arrow_right.gif
INFO: [ app_init ] --START--
INFO: Run Behavior\BuildLiteBehavior [ RunTime:0.000011s ]
INFO: [ app_init ] --END-- [ RunTime:0.000380s ]

[ 2016-08-09T09:40:21+08:00 ] ::1 /wxeditorNew/index.php/Admin/Index/HOME_PUBLICimages/Home.gif
INFO: [ app_init ] --START--
INFO: Run Behavior\BuildLiteBehavior [ RunTime:0.000012s ]
INFO: [ app_init ] --END-- [ RunTime:0.000414s ]

[ 2016-08-09T09:40:21+08:00 ] ::1 /wxeditorNew/index.php/Admin/Index/HOME_PUBLICimages/main_12.gif
INFO: [ app_init ] --START--
INFO: Run Behavior\BuildLiteBehavior [ RunTime:0.000012s ]
INFO: [ app_init ] --END-- [ RunTime:0.000353s ]

[ 2016-08-09T09:40:21+08:00 ] ::1 /wxeditorNew/index.php/Admin/Index/HOME_PUBLICimages/main_15.gif
INFO: [ app_init ] --START--
INFO: Run Behavior\BuildLiteBehavior [ RunTime:0.000012s ]
INFO: [ app_init ] --END-- [ RunTime:0.000345s ]

[ 2016-08-09T09:40:21+08:00 ] ::1 /wxeditorNew/index.php/Admin/Index/HOME_PUBLICimages/ico_ps.gif
INFO: [ app_init ] --START--
INFO: Run Behavior\BuildLiteBehavior [ RunTime:0.000012s ]
INFO: [ app_init ] --END-- [ RunTime:0.000354s ]

[ 2016-08-09T09:41:50+08:00 ] ::1 /wxeditorNew/index.php/admin
INFO: [ app_init ] --START--
INFO: Run Behavior\BuildLiteBehavior [ RunTime:0.000011s ]
INFO: [ app_init ] --END-- [ RunTime:0.000340s ]
INFO: [ app_begin ] --START--
INFO: Run Behavior\ReadHtmlCacheBehavior [ RunTime:0.000542s ]
INFO: [ app_begin ] --END-- [ RunTime:0.000582s ]
INFO: [ view_parse ] --START--
INFO: [ template_filter ] --START--
INFO: Run Behavior\ContentReplaceBehavior [ RunTime:0.000028s ]
INFO: [ template_filter ] --END-- [ RunTime:0.000065s ]
NOTIC: [8] Use of undefined constant HOME_PUBLIC - assumed 'HOME_PUBLIC' D:\xampp\htdocs\wxeditorNew\Application\Runtime\Cache\Admin\b595b808c2ebeeeb0478ffc30bb4e87a.php 第 11 行.
NOTIC: [8] Use of undefined constant HOME_PUBLIC - assumed 'HOME_PUBLIC' D:\xampp\htdocs\wxeditorNew\Application\Runtime\Cache\Admin\b595b808c2ebeeeb0478ffc30bb4e87a.php 第 14 行.
NOTIC: [8] Use of undefined constant HOME_PUBLIC - assumed 'HOME_PUBLIC' D:\xampp\htdocs\wxeditorNew\Application\Runtime\Cache\Admin\b595b808c2ebeeeb0478ffc30bb4e87a.php 第 33 行.
INFO: Run Behavior\ParseTemplateBehavior [ RunTime:0.005236s ]
INFO: [ view_parse ] --END-- [ RunTime:0.005270s ]
INFO: [ view_filter ] --START--
INFO: Run Behavior\WriteHtmlCacheBehavior [ RunTime:0.000306s ]
INFO: [ view_filter ] --END-- [ RunTime:0.000338s ]
INFO: [ app_end ] --START--
INFO: Run Behavior\ShowPageTraceBehavior [ RunTime:0.000522s ]
INFO: [ app_end ] --END-- [ RunTime:0.000554s ]

[ 2016-08-09T09:41:50+08:00 ] ::1 /wxeditorNew/index.php/Admin/Index/left.html
INFO: [ app_init ] --START--
INFO: Run Behavior\BuildLiteBehavior [ RunTime:0.000011s ]
INFO: [ app_init ] --END-- [ RunTime:0.000334s ]
INFO: [ app_begin ] --START--
INFO: Run Behavior\ReadHtmlCacheBehavior [ RunTime:0.000537s ]
INFO: [ app_begin ] --END-- [ RunTime:0.000575s ]
INFO: [ view_parse ] --START--
INFO: [ template_filter ] --START--
INFO: Run Behavior\ContentReplaceBehavior [ RunTime:0.000056s ]
INFO: [ template_filter ] --END-- [ RunTime:0.000111s ]
INFO: Run Behavior\ParseTemplateBehavior [ RunTime:0.006629s ]
INFO: [ view_parse ] --END-- [ RunTime:0.006666s ]
INFO: [ view_filter ] --START--
INFO: Run Behavior\WriteHtmlCacheBehavior [ RunTime:0.000380s ]
INFO: [ view_filter ] --END-- [ RunTime:0.000422s ]
INFO: [ app_end ] --START--
INFO: Run Behavior\ShowPageTraceBehavior [ RunTime:0.000508s ]
INFO: [ app_end ] --END-- [ RunTime:0.000551s ]

[ 2016-08-09T09:41:50+08:00 ] ::1 /wxeditorNew/index.php/Admin/Index/main.html
INFO: [ app_init ] --START--
INFO: Run Behavior\BuildLiteBehavior [ RunTime:0.000012s ]
INFO: [ app_init ] --END-- [ RunTime:0.000363s ]
INFO: [ app_begin ] --START--
INFO: Run Behavior\ReadHtmlCacheBehavior [ RunTime:0.000581s ]
INFO: [ app_begin ] --END-- [ RunTime:0.000629s ]
INFO: [ view_parse ] --START--
INFO: [ template_filter ] --START--
INFO: Run Behavior\ContentReplaceBehavior [ RunTime:0.000040s ]
INFO: [ template_filter ] --END-- [ RunTime:0.000082s ]
INFO: Run Behavior\ParseTemplateBehavior [ RunTime:0.005502s ]
INFO: [ view_parse ] --END-- [ RunTime:0.005553s ]
INFO: [ view_filter ] --START--
INFO: Run Behavior\WriteHtmlCacheBehavior [ RunTime:0.002227s ]
INFO: [ view_filter ] --END-- [ RunTime:0.002275s ]
INFO: [ app_end ] --START--
INFO: Run Behavior\ShowPageTraceBehavior [ RunTime:0.000825s ]
INFO: [ app_end ] --END-- [ RunTime:0.000864s ]

[ 2016-08-09T09:41:56+08:00 ] ::1 /wxeditorNew/index.php/Admin/Index/main.html
INFO: [ app_init ] --START--
INFO: Run Behavior\BuildLiteBehavior [ RunTime:0.000015s ]
INFO: [ app_init ] --END-- [ RunTime:0.000442s ]
INFO: [ app_begin ] --START--
INFO: Run Behavior\ReadHtmlCacheBehavior [ RunTime:0.000576s ]
INFO: [ app_begin ] --END-- [ RunTime:0.000616s ]
INFO: [ view_parse ] --START--
INFO: [ template_filter ] --START--
INFO: Run Behavior\ContentReplaceBehavior [ RunTime:0.000035s ]
INFO: [ template_filter ] --END-- [ RunTime:0.000073s ]
INFO: Run Behavior\ParseTemplateBehavior [ RunTime:0.005443s ]
INFO: [ view_parse ] --END-- [ RunTime:0.005483s ]
INFO: [ view_filter ] --START--
INFO: Run Behavior\WriteHtmlCacheBehavior [ RunTime:0.000316s ]
INFO: [ view_filter ] --END-- [ RunTime:0.000348s ]
INFO: [ app_end ] --START--
INFO: Run Behavior\ShowPageTraceBehavior [ RunTime:0.000541s ]
INFO: [ app_end ] --END-- [ RunTime:0.000576s ]

[ 2016-08-09T09:41:58+08:00 ] ::1 /wxeditorNew/index.php/Admin/Style/focus.html
INFO: [ app_init ] --START--
INFO: Run Behavior\BuildLiteBehavior [ RunTime:0.000011s ]
INFO: [ app_init ] --END-- [ RunTime:0.000353s ]
INFO: [ app_begin ] --START--
INFO: Run Behavior\ReadHtmlCacheBehavior [ RunTime:0.000439s ]
INFO: [ app_begin ] --END-- [ RunTime:0.000476s ]
ERR: 无法加载控制器:Style

[ 2016-08-09T09:45:33+08:00 ] ::1 /wxeditorNew/index.php/Admin/Style/focus.html
INFO: [ app_init ] --START--
INFO: Run Behavior\BuildLiteBehavior [ RunTime:0.000011s ]
INFO: [ app_init ] --END-- [ RunTime:0.000375s ]
INFO: [ app_begin ] --START--
INFO: Run Behavior\ReadHtmlCacheBehavior [ RunTime:0.000550s ]
INFO: [ app_begin ] --END-- [ RunTime:0.000590s ]
ERR: 无法加载控制器:Style

[ 2016-08-09T09:46:50+08:00 ] ::1 /wxeditorNew/index.php/admin
INFO: [ app_init ] --START--
INFO: Run Behavior\BuildLiteBehavior [ RunTime:0.000012s ]
INFO: [ app_init ] --END-- [ RunTime:0.000369s ]
INFO: [ app_begin ] --START--
INFO: Run Behavior\ReadHtmlCacheBehavior [ RunTime:0.000463s ]
INFO: [ app_begin ] --END-- [ RunTime:0.000502s ]
INFO: [ view_parse ] --START--
INFO: [ template_filter ] --START--
INFO: Run Behavior\ContentReplaceBehavior [ RunTime:0.000032s ]
INFO: [ template_filter ] --END-- [ RunTime:0.000076s ]
NOTIC: [8] Use of undefined constant HOME_PUBLIC - assumed 'HOME_PUBLIC' D:\xampp\htdocs\wxeditorNew\Application\Runtime\Cache\Admin\b595b808c2ebeeeb0478ffc30bb4e87a.php 第 11 行.
NOTIC: [8] Use of undefined constant HOME_PUBLIC - assumed 'HOME_PUBLIC' D:\xampp\htdocs\wxeditorNew\Application\Runtime\Cache\Admin\b595b808c2ebeeeb0478ffc30bb4e87a.php 第 14 行.
NOTIC: [8] Use of undefined constant HOME_PUBLIC - assumed 'HOME_PUBLIC' D:\xampp\htdocs\wxeditorNew\Application\Runtime\Cache\Admin\b595b808c2ebeeeb0478ffc30bb4e87a.php 第 33 行.
INFO: Run Behavior\ParseTemplateBehavior [ RunTime:0.005656s ]
INFO: [ view_parse ] --END-- [ RunTime:0.005693s ]
INFO: [ view_filter ] --START--
INFO: Run Behavior\WriteHtmlCacheBehavior [ RunTime:0.000321s ]
INFO: [ view_filter ] --END-- [ RunTime:0.000354s ]
INFO: [ app_end ] --START--
INFO: Run Behavior\ShowPageTraceBehavior [ RunTime:0.000531s ]
INFO: [ app_end ] --END-- [ RunTime:0.000603s ]

[ 2016-08-09T09:46:50+08:00 ] ::1 /wxeditorNew/index.php/Admin/Index/left.html
INFO: [ app_init ] --START--
INFO: Run Behavior\BuildLiteBehavior [ RunTime:0.000013s ]
INFO: [ app_init ] --END-- [ RunTime:0.000371s ]
INFO: [ app_begin ] --START--
INFO: Run Behavior\ReadHtmlCacheBehavior [ RunTime:0.000704s ]
INFO: [ app_begin ] --END-- [ RunTime:0.000745s ]
INFO: [ view_parse ] --START--
INFO: [ template_filter ] --START--
INFO: Run Behavior\ContentReplaceBehavior [ RunTime:0.000080s ]
INFO: [ template_filter ] --END-- [ RunTime:0.000136s ]
INFO: Run Behavior\ParseTemplateBehavior [ RunTime:0.006067s ]
INFO: [ view_parse ] --END-- [ RunTime:0.006109s ]
INFO: [ view_filter ] --START--
INFO: Run Behavior\WriteHtmlCacheBehavior [ RunTime:0.000235s ]
INFO: [ view_filter ] --END-- [ RunTime:0.000266s ]
INFO: [ app_end ] --START--
INFO: Run Behavior\ShowPageTraceBehavior [ RunTime:0.000436s ]
INFO: [ app_end ] --END-- [ RunTime:0.000468s ]

[ 2016-08-09T09:46:50+08:00 ] ::1 /wxeditorNew/index.php/Admin/Index/main.html
INFO: [ app_init ] --START--
INFO: Run Behavior\BuildLiteBehavior [ RunTime:0.000012s ]
INFO: [ app_init ] --END-- [ RunTime:0.000444s ]
INFO: [ app_begin ] --START--
INFO: Run Behavior\ReadHtmlCacheBehavior [ RunTime:0.000562s ]
INFO: [ app_begin ] --END-- [ RunTime:0.000607s ]
INFO: [ view_parse ] --START--
INFO: [ template_filter ] --START--
INFO: Run Behavior\ContentReplaceBehavior [ RunTime:0.000038s ]
INFO: [ template_filter ] --END-- [ RunTime:0.000081s ]
INFO: Run Behavior\ParseTemplateBehavior [ RunTime:0.005448s ]
INFO: [ view_parse ] --END-- [ RunTime:0.005503s ]
INFO: [ view_filter ] --START--
INFO: Run Behavior\WriteHtmlCacheBehavior [ RunTime:0.000286s ]
INFO: [ view_filter ] --END-- [ RunTime:0.000315s ]
INFO: [ app_end ] --START--
INFO: Run Behavior\ShowPageTraceBehavior [ RunTime:0.000501s ]
INFO: [ app_end ] --END-- [ RunTime:0.000536s ]

[ 2016-08-09T09:46:52+08:00 ] ::1 /wxeditorNew/index.php/Admin/Style/focus.html
INFO: [ app_init ] --START--
INFO: Run Behavior\BuildLiteBehavior [ RunTime:0.000012s ]
INFO: [ app_init ] --END-- [ RunTime:0.000402s ]
INFO: [ app_begin ] --START--
INFO: Run Behavior\ReadHtmlCacheBehavior [ RunTime:0.000671s ]
INFO: [ app_begin ] --END-- [ RunTime:0.000710s ]
ERR: 无法加载控制器:Style

[ 2016-08-09T09:50:39+08:00 ] ::1 /wxeditorNew/index.php/admin
INFO: [ app_init ] --START--
INFO: Run Behavior\BuildLiteBehavior [ RunTime:0.000012s ]
INFO: [ app_init ] --END-- [ RunTime:0.000374s ]
INFO: [ app_begin ] --START--
INFO: Run Behavior\ReadHtmlCacheBehavior [ RunTime:0.000553s ]
INFO: [ app_begin ] --END-- [ RunTime:0.000593s ]
INFO: [ view_parse ] --START--
INFO: [ template_filter ] --START--
INFO: Run Behavior\ContentReplaceBehavior [ RunTime:0.000077s ]
INFO: [ template_filter ] --END-- [ RunTime:0.000148s ]
NOTIC: [8] Use of undefined constant HOME_PUBLIC - assumed 'HOME_PUBLIC' D:\xampp\htdocs\wxeditorNew\Application\Runtime\Cache\Admin\b595b808c2ebeeeb0478ffc30bb4e87a.php 第 11 行.
NOTIC: [8] Use of undefined constant HOME_PUBLIC - assumed 'HOME_PUBLIC' D:\xampp\htdocs\wxeditorNew\Application\Runtime\Cache\Admin\b595b808c2ebeeeb0478ffc30bb4e87a.php 第 14 行.
NOTIC: [8] Use of undefined constant HOME_PUBLIC - assumed 'HOME_PUBLIC' D:\xampp\htdocs\wxeditorNew\Application\Runtime\Cache\Admin\b595b808c2ebeeeb0478ffc30bb4e87a.php 第 33 行.
INFO: Run Behavior\ParseTemplateBehavior [ RunTime:0.005933s ]
INFO: [ view_parse ] --END-- [ RunTime:0.005987s ]
INFO: [ view_filter ] --START--
INFO: Run Behavior\WriteHtmlCacheBehavior [ RunTime:0.000501s ]
INFO: [ view_filter ] --END-- [ RunTime:0.000537s ]
INFO: [ app_end ] --START--
INFO: Run Behavior\ShowPageTraceBehavior [ RunTime:0.000551s ]
INFO: [ app_end ] --END-- [ RunTime:0.000585s ]

[ 2016-08-09T09:50:39+08:00 ] ::1 /wxeditorNew/index.php/Admin/Index/left.html
INFO: [ app_init ] --START--
INFO: Run Behavior\BuildLiteBehavior [ RunTime:0.000013s ]
INFO: [ app_init ] --END-- [ RunTime:0.000364s ]
INFO: [ app_begin ] --START--
INFO: Run Behavior\ReadHtmlCacheBehavior [ RunTime:0.000674s ]
INFO: [ app_begin ] --END-- [ RunTime:0.000732s ]
INFO: [ view_parse ] --START--
INFO: [ template_filter ] --START--
INFO: Run Behavior\ContentReplaceBehavior [ RunTime:0.000041s ]
INFO: [ template_filter ] --END-- [ RunTime:0.000078s ]
INFO: Run Behavior\ParseTemplateBehavior [ RunTime:0.005941s ]
INFO: [ view_parse ] --END-- [ RunTime:0.005978s ]
INFO: [ view_filter ] --START--
INFO: Run Behavior\WriteHtmlCacheBehavior [ RunTime:0.000286s ]
INFO: [ view_filter ] --END-- [ RunTime:0.000315s ]
INFO: [ app_end ] --START--
INFO: Run Behavior\ShowPageTraceBehavior [ RunTime:0.000481s ]
INFO: [ app_end ] --END-- [ RunTime:0.000513s ]

[ 2016-08-09T09:50:39+08:00 ] ::1 /wxeditorNew/index.php/Admin/Index/main.html
INFO: [ app_init ] --START--
INFO: Run Behavior\BuildLiteBehavior [ RunTime:0.000015s ]
INFO: [ app_init ] --END-- [ RunTime:0.000576s ]
INFO: [ app_begin ] --START--
INFO: Run Behavior\ReadHtmlCacheBehavior [ RunTime:0.000584s ]
INFO: [ app_begin ] --END-- [ RunTime:0.000626s ]
INFO: [ view_parse ] --START--
INFO: [ template_filter ] --START--
INFO: Run Behavior\ContentReplaceBehavior [ RunTime:0.000039s ]
INFO: [ template_filter ] --END-- [ RunTime:0.000082s ]
INFO: Run Behavior\ParseTemplateBehavior [ RunTime:0.005407s ]
INFO: [ view_parse ] --END-- [ RunTime:0.005462s ]
INFO: [ view_filter ] --START--
INFO: Run Behavior\WriteHtmlCacheBehavior [ RunTime:0.000296s ]
INFO: [ view_filter ] --END-- [ RunTime:0.000326s ]
INFO: [ app_end ] --START--
INFO: Run Behavior\ShowPageTraceBehavior [ RunTime:0.000551s ]
INFO: [ app_end ] --END-- [ RunTime:0.000587s ]

[ 2016-08-09T09:50:41+08:00 ] ::1 /wxeditorNew/index.php/Admin/Focus/show.html
INFO: [ app_init ] --START--
INFO: Run Behavior\BuildLiteBehavior [ RunTime:0.000011s ]
INFO: [ app_init ] --END-- [ RunTime:0.000329s ]
INFO: [ app_begin ] --START--
INFO: Run Behavior\ReadHtmlCacheBehavior [ RunTime:0.000543s ]
INFO: [ app_begin ] --END-- [ RunTime:0.000613s ]
NOTIC: [2048] Declaration of Admin\Controller\FocusController::show() should be compatible with Think\Controller::show($content, $charset = '', $contentType = '', $prefix = '') D:\xampp\htdocs\wxeditorNew\Application\Admin\Controller\FocusController.class.php 第 19 行.
INFO: [ view_parse ] --START--
INFO: [ template_filter ] --START--
INFO: Run Behavior\ContentReplaceBehavior [ RunTime:0.000032s ]
INFO: [ template_filter ] --END-- [ RunTime:0.000076s ]
NOTIC: [8] Use of undefined constant HOME_PUBLIC - assumed 'HOME_PUBLIC' D:\xampp\htdocs\wxeditorNew\Application\Runtime\Cache\Admin\79c978b0a14b931157502e30997c0d89.php 第 6 行.
NOTIC: [8] Use of undefined constant HOME_PUBLIC - assumed 'HOME_PUBLIC' D:\xampp\htdocs\wxeditorNew\Application\Runtime\Cache\Admin\79c978b0a14b931157502e30997c0d89.php 第 7 行.
NOTIC: [8] Undefined variable: type D:\xampp\htdocs\wxeditorNew\Application\Runtime\Cache\Admin\79c978b0a14b931157502e30997c0d89.php 第 12 行.
NOTIC: [8] Undefined variable: i D:\xampp\htdocs\wxeditorNew\Application\Runtime\Cache\Admin\79c978b0a14b931157502e30997c0d89.php 第 25 行.
NOTIC: [8] Undefined variable: style D:\xampp\htdocs\wxeditorNew\Application\Runtime\Cache\Admin\79c978b0a14b931157502e30997c0d89.php 第 26 行.
NOTIC: [8] Undefined variable: code D:\xampp\htdocs\wxeditorNew\Application\Runtime\Cache\Admin\79c978b0a14b931157502e30997c0d89.php 第 27 行.
NOTIC: [8] Undefined variable: id D:\xampp\htdocs\wxeditorNew\Application\Runtime\Cache\Admin\79c978b0a14b931157502e30997c0d89.php 第 28 行.
NOTIC: [8] Undefined variable: type D:\xampp\htdocs\wxeditorNew\Application\Runtime\Cache\Admin\79c978b0a14b931157502e30997c0d89.php 第 28 行.
NOTIC: [8] Undefined variable: id D:\xampp\htdocs\wxeditorNew\Application\Runtime\Cache\Admin\79c978b0a14b931157502e30997c0d89.php 第 28 行.
INFO: Run Behavior\ParseTemplateBehavior [ RunTime:0.005895s ]
INFO: [ view_parse ] --END-- [ RunTime:0.005928s ]
INFO: [ view_filter ] --START--
INFO: Run Behavior\WriteHtmlCacheBehavior [ RunTime:0.000238s ]
INFO: [ view_filter ] --END-- [ RunTime:0.000265s ]
INFO: [ app_end ] --START--
INFO: Run Behavior\ShowPageTraceBehavior [ RunTime:0.000436s ]
INFO: [ app_end ] --END-- [ RunTime:0.000464s ]

[ 2016-08-09T09:50:41+08:00 ] ::1 /wxeditorNew/index.php/Admin/Focus/HOME_PUBLICcss/default.css
INFO: [ app_init ] --START--
INFO: Run Behavior\BuildLiteBehavior [ RunTime:0.000013s ]
INFO: [ app_init ] --END-- [ RunTime:0.000582s ]
INFO: [ app_begin ] --START--
INFO: Run Behavior\ReadHtmlCacheBehavior [ RunTime:0.000442s ]
INFO: [ app_begin ] --END-- [ RunTime:0.000480s ]
NOTIC: [2048] Declaration of Admin\Controller\FocusController::show() should be compatible with Think\Controller::show($content, $charset = '', $contentType = '', $prefix = '') D:\xampp\htdocs\wxeditorNew\Application\Admin\Controller\FocusController.class.php 第 19 行.
ERR: 非法操作:HOME_PUBLICcss

[ 2016-08-09T09:50:41+08:00 ] ::1 /wxeditorNew/index.php/Admin/Focus/HOME_PUBLICjs/themes/default/easyui.css
INFO: [ app_init ] --START--
INFO: Run Behavior\BuildLiteBehavior [ RunTime:0.000029s ]
INFO: [ app_init ] --END-- [ RunTime:0.000546s ]
INFO: [ app_begin ] --START--
INFO: Run Behavior\ReadHtmlCacheBehavior [ RunTime:0.000438s ]
INFO: [ app_begin ] --END-- [ RunTime:0.000476s ]
NOTIC: [2048] Declaration of Admin\Controller\FocusController::show() should be compatible with Think\Controller::show($content, $charset = '', $contentType = '', $prefix = '') D:\xampp\htdocs\wxeditorNew\Application\Admin\Controller\FocusController.class.php 第 19 行.
ERR: 非法操作:HOME_PUBLICjs

[ 2016-08-09T09:52:49+08:00 ] ::1 /wxeditorNew/index.php/admin
INFO: [ app_init ] --START--
INFO: Run Behavior\BuildLiteBehavior [ RunTime:0.000012s ]
INFO: [ app_init ] --END-- [ RunTime:0.000578s ]
INFO: [ app_begin ] --START--
INFO: Run Behavior\ReadHtmlCacheBehavior [ RunTime:0.000753s ]
INFO: [ app_begin ] --END-- [ RunTime:0.000820s ]
INFO: [ view_parse ] --START--
INFO: [ template_filter ] --START--
INFO: Run Behavior\ContentReplaceBehavior [ RunTime:0.000109s ]
INFO: [ template_filter ] --END-- [ RunTime:0.000290s ]
NOTIC: [8] Use of undefined constant HOME_PUBLIC - assumed 'HOME_PUBLIC' D:\xampp\htdocs\wxeditorNew\Application\Runtime\Cache\Admin\b595b808c2ebeeeb0478ffc30bb4e87a.php 第 11 行.
NOTIC: [8] Use of undefined constant HOME_PUBLIC - assumed 'HOME_PUBLIC' D:\xampp\htdocs\wxeditorNew\Application\Runtime\Cache\Admin\b595b808c2ebeeeb0478ffc30bb4e87a.php 第 14 行.
NOTIC: [8] Use of undefined constant HOME_PUBLIC - assumed 'HOME_PUBLIC' D:\xampp\htdocs\wxeditorNew\Application\Runtime\Cache\Admin\b595b808c2ebeeeb0478ffc30bb4e87a.php 第 33 行.
INFO: Run Behavior\ParseTemplateBehavior [ RunTime:0.008171s ]
INFO: [ view_parse ] --END-- [ RunTime:0.008232s ]
INFO: [ view_filter ] --START--
INFO: Run Behavior\WriteHtmlCacheBehavior [ RunTime:0.000755s ]
INFO: [ view_filter ] --END-- [ RunTime:0.000816s ]
INFO: [ app_end ] --START--
INFO: Run Behavior\ShowPageTraceBehavior [ RunTime:0.000777s ]
INFO: [ app_end ] --END-- [ RunTime:0.000813s ]

[ 2016-08-09T09:52:49+08:00 ] ::1 /wxeditorNew/index.php/Admin/Index/left.html
INFO: [ app_init ] --START--
INFO: Run Behavior\BuildLiteBehavior [ RunTime:0.000012s ]
INFO: [ app_init ] --END-- [ RunTime:0.000360s ]
INFO: [ app_begin ] --START--
INFO: Run Behavior\ReadHtmlCacheBehavior [ RunTime:0.000562s ]
INFO: [ app_begin ] --END-- [ RunTime:0.000602s ]
INFO: [ view_parse ] --START--
INFO: [ template_filter ] --START--
INFO: Run Behavior\ContentReplaceBehavior [ RunTime:0.000062s ]
INFO: [ template_filter ] --END-- [ RunTime:0.000117s ]
INFO: Run Behavior\ParseTemplateBehavior [ RunTime:0.006246s ]
INFO: [ view_parse ] --END-- [ RunTime:0.006287s ]
INFO: [ view_filter ] --START--
INFO: Run Behavior\WriteHtmlCacheBehavior [ RunTime:0.000328s ]
INFO: [ view_filter ] --END-- [ RunTime:0.000371s ]
INFO: [ app_end ] --START--
INFO: Run Behavior\ShowPageTraceBehavior [ RunTime:0.000489s ]
INFO: [ app_end ] --END-- [ RunTime:0.000523s ]

[ 2016-08-09T09:52:49+08:00 ] ::1 /wxeditorNew/index.php/Admin/Index/main.html
INFO: [ app_init ] --START--
INFO: Run Behavior\BuildLiteBehavior [ RunTime:0.000011s ]
INFO: [ app_init ] --END-- [ RunTime:0.000345s ]
INFO: [ app_begin ] --START--
INFO: Run Behavior\ReadHtmlCacheBehavior [ RunTime:0.000497s ]
INFO: [ app_begin ] --END-- [ RunTime:0.000539s ]
INFO: [ view_parse ] --START--
INFO: [ template_filter ] --START--
INFO: Run Behavior\ContentReplaceBehavior [ RunTime:0.000037s ]
INFO: [ template_filter ] --END-- [ RunTime:0.000081s ]
INFO: Run Behavior\ParseTemplateBehavior [ RunTime:0.005235s ]
INFO: [ view_parse ] --END-- [ RunTime:0.005279s ]
INFO: [ view_filter ] --START--
INFO: Run Behavior\WriteHtmlCacheBehavior [ RunTime:0.000251s ]
INFO: [ view_filter ] --END-- [ RunTime:0.000281s ]
INFO: [ app_end ] --START--
INFO: Run Behavior\ShowPageTraceBehavior [ RunTime:0.000467s ]
INFO: [ app_end ] --END-- [ RunTime:0.000500s ]

[ 2016-08-09T09:52:52+08:00 ] ::1 /wxeditorNew/index.php/Admin/Focus/show.html
INFO: [ app_init ] --START--
INFO: Run Behavior\BuildLiteBehavior [ RunTime:0.000013s ]
INFO: [ app_init ] --END-- [ RunTime:0.000343s ]
INFO: [ app_begin ] --START--
INFO: Run Behavior\ReadHtmlCacheBehavior [ RunTime:0.000461s ]
INFO: [ app_begin ] --END-- [ RunTime:0.000500s ]
NOTIC: [2048] Declaration of Admin\Controller\FocusController::show() should be compatible with Think\Controller::show($content, $charset = '', $contentType = '', $prefix = '') D:\xampp\htdocs\wxeditorNew\Application\Admin\Controller\FocusController.class.php 第 19 行.
INFO: [ view_parse ] --START--
INFO: [ template_filter ] --START--
INFO: Run Behavior\ContentReplaceBehavior [ RunTime:0.000030s ]
INFO: [ template_filter ] --END-- [ RunTime:0.000067s ]
NOTIC: [8] Undefined variable: type D:\xampp\htdocs\wxeditorNew\Application\Runtime\Cache\Admin\79c978b0a14b931157502e30997c0d89.php 第 12 行.
NOTIC: [8] Undefined variable: i D:\xampp\htdocs\wxeditorNew\Application\Runtime\Cache\Admin\79c978b0a14b931157502e30997c0d89.php 第 25 行.
NOTIC: [8] Undefined variable: style D:\xampp\htdocs\wxeditorNew\Application\Runtime\Cache\Admin\79c978b0a14b931157502e30997c0d89.php 第 26 行.
NOTIC: [8] Undefined variable: code D:\xampp\htdocs\wxeditorNew\Application\Runtime\Cache\Admin\79c978b0a14b931157502e30997c0d89.php 第 27 行.
NOTIC: [8] Undefined variable: id D:\xampp\htdocs\wxeditorNew\Application\Runtime\Cache\Admin\79c978b0a14b931157502e30997c0d89.php 第 28 行.
NOTIC: [8] Undefined variable: type D:\xampp\htdocs\wxeditorNew\Application\Runtime\Cache\Admin\79c978b0a14b931157502e30997c0d89.php 第 28 行.
NOTIC: [8] Undefined variable: id D:\xampp\htdocs\wxeditorNew\Application\Runtime\Cache\Admin\79c978b0a14b931157502e30997c0d89.php 第 28 行.
INFO: Run Behavior\ParseTemplateBehavior [ RunTime:0.004749s ]
INFO: [ view_parse ] --END-- [ RunTime:0.004785s ]
INFO: [ view_filter ] --START--
INFO: Run Behavior\WriteHtmlCacheBehavior [ RunTime:0.000287s ]
INFO: [ view_filter ] --END-- [ RunTime:0.000366s ]
INFO: [ app_end ] --START--
INFO: Run Behavior\ShowPageTraceBehavior [ RunTime:0.000461s ]
INFO: [ app_end ] --END-- [ RunTime:0.000492s ]

[ 2016-08-09T10:20:20+08:00 ] ::1 /wxeditorNew/index.php/Admin/Focus/show.html
ERR: Think\Model:filed方法不存在！

[ 2016-08-09T11:24:05+08:00 ] ::1 /wxeditorNew/index.php/Admin/Focus/editstyle.html/id//type/
ERR: 非法操作:editstyle.html

[ 2016-08-09T11:40:23+08:00 ] ::1 /wxeditorNew/index.php/Admin/Focus/editstyle/id//type/
ERR: 参数错误或者未定义:sid

[ 2016-08-09T11:42:27+08:00 ] ::1 /wxeditorNew/index.php/Admin/Focus/editstyle/id//type/
ERR: 参数错误或者未定义:typ

[ 2016-08-09T11:42:38+08:00 ] ::1 /wxeditorNew/index.php/Admin/Focus/editstyle/id//type/
ERR: 参数错误或者未定义:type

[ 2016-08-09T11:50:47+08:00 ] ::1 /wxeditorNew/index.php/Admin/Focus/editstyle/id/4/type/1
ERR: 1054:Unknown column '$id' in 'where clause'
 [ SQL语句 ] : SELECT * FROM `zk_style` WHERE ( sid=$id and stype=$type ) LIMIT 1  

[ 2016-08-09T11:52:18+08:00 ] ::1 /wxeditorNew/index.php/Admin/Focus/editstyle/id/4/type/1
ERR: 1054:Unknown column '$id' in 'where clause'
 [ SQL语句 ] : SELECT * FROM `zk_style` WHERE ( sid=$id and stype=$type ) LIMIT 1  

[ 2016-08-09T11:52:35+08:00 ] ::1 /wxeditorNew/index.php/Admin/Focus/editstyle/id/4/type/1
ERR: 1064:You have an error in your SQL syntax; check the manual that corresponds to your MySQL server version for the right syntax to use near '} and stype={$type} ) LIMIT 1' at line 1
 [ SQL语句 ] : SELECT * FROM `zk_style` WHERE ( sid={$id} and stype={$type} ) LIMIT 1  

[ 2016-08-09T13:16:23+08:00 ] ::1 /wxeditorNew/index.php/Admin/Focus/show
ERR: 参数错误或者未定义:type

[ 2016-08-09T14:05:47+08:00 ] ::1 /wxeditorNew/index.php/Admin/Focus/save
ERR: 参数错误或者未定义:sid

[ 2016-08-09T14:06:52+08:00 ] ::1 /wxeditorNew/index.php/Admin/Focus/save/id/
ERR: 参数错误或者未定义:sid

[ 2016-08-09T14:09:51+08:00 ] ::1 /wxeditorNew/index.php/Admin/Focus/save/id/4
ERR: 参数错误或者未定义:sid

[ 2016-08-09T14:22:35+08:00 ] ::1 /wxeditorNew/index.php/Admin/Focus/save/sid/4
ERR: Think\Model:updata方法不存在！

[ 2016-08-09T14:23:09+08:00 ] ::1 /wxeditorNew/index.php/Admin/Focus/save/sid/4
ERR: Think\Model:update方法不存在！

[ 2016-08-09T15:29:24+08:00 ] ::1 /wxeditorNew/index.php/Admin/Focus/save/sid/4
ERR: Think\Controller:message方法不存在！

[ 2016-08-09T15:31:28+08:00 ] ::1 /wxeditorNew/index.php/Admin/Focus/editstyle
ERR: 参数错误或者未定义:id

[ 2016-08-09T15:33:36+08:00 ] ::1 /wxeditorNew/index.php/Admin/Focus/editstyle
ERR: 参数错误或者未定义:id

[ 2016-08-09T15:34:28+08:00 ] ::1 /wxeditorNew/index.php/Admin/Focus/editstyle
ERR: 参数错误或者未定义:id

[ 2016-08-09T15:35:26+08:00 ] ::1 /wxeditorNew/index.php/Admin/Focus/editstyle
ERR: 参数错误或者未定义:id

[ 2016-08-09T15:37:17+08:00 ] ::1 /wxeditorNew/index.php/Admin/Focus/editstyle
ERR: 参数错误或者未定义:id

[ 2016-08-09T15:49:25+08:00 ] ::1 /wxeditorNew/index.php/Admin/Focus/show/type/baidu.com
ERR: 1054:Unknown column 'baidu' in 'where clause'
 [ SQL语句 ] : SELECT COUNT(*) AS tp_count FROM `zk_style` WHERE ( stype=baidu ) LIMIT 1  

[ 2016-08-09T15:49:25+08:00 ] ::1 /wxeditorNew/index.php/Admin/Focus/del/id/4/type/1
ERR: 模板不存在:./Application/Admin/View/Focus/del.html

[ 2016-08-09T15:50:34+08:00 ] ::1 /wxeditorNew/index.php/Admin/Focus/show/type/baidu.com
ERR: 1054:Unknown column 'baidu' in 'where clause'
 [ SQL语句 ] : SELECT COUNT(*) AS tp_count FROM `zk_style` WHERE ( stype=baidu ) LIMIT 1  

[ 2016-08-09T15:52:14+08:00 ] ::1 /wxeditorNew/index.php/Admin/Focus/del/id/4/type/1
ERR: 模板不存在:./Application/Admin/View/Focus/del.html

[ 2016-08-09T16:03:23+08:00 ] ::1 /wxeditorNew/index.php/Admin/Index/list.php?type=2
ERR: 非法操作:list

[ 2016-08-09T16:13:26+08:00 ] ::1 /wxeditorNew/index.php/Admin/Index/addstyle.php?do=add
ERR: 非法操作:addstyle

[ 2016-08-09T16:27:26+08:00 ] ::1 /wxeditorNew/index.php/Admin/Index/addstyle
ERR: 非法操作:addstyle

[ 2016-08-09T16:28:11+08:00 ] ::1 /wxeditorNew/index.php/Admin/Focus/js/themes/default/easyui.css
ERR: 非法操作:js

[ 2016-08-09T16:28:11+08:00 ] ::1 /wxeditorNew/index.php/Admin/css/default.css
ERR: 无法加载控制器:Css

[ 2016-08-09T16:28:11+08:00 ] ::1 /wxeditorNew/index.php/Admin/Focus/js/jquery-1.10.2.min.js
ERR: 非法操作:js

[ 2016-08-09T16:28:11+08:00 ] ::1 /wxeditorNew/index.php/Admin/js/jquery.form.js
ERR: 无法加载控制器:Js

[ 2016-08-09T16:28:11+08:00 ] ::1 /wxeditorNew/index.php/Admin/js/ueditor/ueditor.config.js
ERR: 无法加载控制器:Js

[ 2016-08-09T16:28:11+08:00 ] ::1 /wxeditorNew/index.php/Admin/js/ueditor/ueditor.all.min.js
ERR: 无法加载控制器:Js

[ 2016-08-09T16:28:11+08:00 ] ::1 /wxeditorNew/index.php/Admin/js/jquery.form.js
ERR: 无法加载控制器:Js

[ 2016-08-09T16:28:11+08:00 ] ::1 /wxeditorNew/index.php/Admin/js/ueditor/ueditor.config.js
ERR: 无法加载控制器:Js

[ 2016-08-09T16:28:11+08:00 ] ::1 /wxeditorNew/index.php/Admin/js/ueditor/ueditor.all.min.js
ERR: 无法加载控制器:Js

[ 2016-08-09T16:28:15+08:00 ] ::1 /wxeditorNew/index.php/Admin/Focus/show/type/addstyle.php?do=add&type=
ERR: 1064:You have an error in your SQL syntax; check the manual that corresponds to your MySQL server version for the right syntax to use near ') LIMIT 1' at line 1
 [ SQL语句 ] : SELECT COUNT(*) AS tp_count FROM `zk_style` WHERE ( stype= ) LIMIT 1  

[ 2016-08-09T16:28:22+08:00 ] ::1 /wxeditorNew/index.php/Admin/Focus/show/type/addstyle.php?do=add&type=
ERR: 1064:You have an error in your SQL syntax; check the manual that corresponds to your MySQL server version for the right syntax to use near ') LIMIT 1' at line 1
 [ SQL语句 ] : SELECT COUNT(*) AS tp_count FROM `zk_style` WHERE ( stype= ) LIMIT 1  

[ 2016-08-09T16:29:32+08:00 ] ::1 /wxeditorNew/index.php/Admin/Focus/editstyle/id/140/type/addstyle.php?do=add
ERR: 1054:Unknown column 'addstyle' in 'where clause'
 [ SQL语句 ] : SELECT * FROM `zk_style` WHERE ( sid=140 and stype=addstyle ) LIMIT 1  

[ 2016-08-09T16:30:31+08:00 ] ::1 /wxeditorNew/index.php/Admin/Focus/js/themes/default/easyui.css
ERR: 非法操作:js

[ 2016-08-09T16:30:31+08:00 ] ::1 /wxeditorNew/index.php/Admin/css/default.css
ERR: 无法加载控制器:Css

[ 2016-08-09T16:30:31+08:00 ] ::1 /wxeditorNew/index.php/Admin/js/ueditor/ueditor.config.js
ERR: 无法加载控制器:Js

[ 2016-08-09T16:30:31+08:00 ] ::1 /wxeditorNew/index.php/Admin/Focus/js/jquery-1.10.2.min.js
ERR: 非法操作:js

[ 2016-08-09T16:30:31+08:00 ] ::1 /wxeditorNew/index.php/Admin/js/ueditor/ueditor.all.min.js
ERR: 无法加载控制器:Js

[ 2016-08-09T16:30:31+08:00 ] ::1 /wxeditorNew/index.php/Admin/js/jquery.form.js
ERR: 无法加载控制器:Js

[ 2016-08-09T16:30:31+08:00 ] ::1 /wxeditorNew/index.php/Admin/js/ueditor/ueditor.config.js
ERR: 无法加载控制器:Js

[ 2016-08-09T16:30:31+08:00 ] ::1 /wxeditorNew/index.php/Admin/js/ueditor/ueditor.all.min.js
ERR: 无法加载控制器:Js

[ 2016-08-09T16:30:38+08:00 ] ::1 /wxeditorNew/index.php/Admin/css/default.css
ERR: 无法加载控制器:Css

[ 2016-08-09T16:30:38+08:00 ] ::1 /wxeditorNew/index.php/Admin/js/jquery.form.js
ERR: 无法加载控制器:Js

[ 2016-08-09T16:30:38+08:00 ] ::1 /wxeditorNew/index.php/Admin/js/ueditor/ueditor.config.js
ERR: 无法加载控制器:Js

[ 2016-08-09T16:30:38+08:00 ] ::1 /wxeditorNew/index.php/Admin/Focus/js/jquery-1.10.2.min.js
ERR: 非法操作:js

[ 2016-08-09T16:30:38+08:00 ] ::1 /wxeditorNew/index.php/Admin/js/ueditor/ueditor.all.min.js
ERR: 无法加载控制器:Js

[ 2016-08-09T16:30:38+08:00 ] ::1 /wxeditorNew/index.php/Admin/Focus/js/themes/default/easyui.css
ERR: 非法操作:js

[ 2016-08-09T16:30:38+08:00 ] ::1 /wxeditorNew/index.php/Admin/js/jquery.form.js
ERR: 无法加载控制器:Js

[ 2016-08-09T16:30:38+08:00 ] ::1 /wxeditorNew/index.php/Admin/js/ueditor/ueditor.config.js
ERR: 无法加载控制器:Js

[ 2016-08-09T16:30:38+08:00 ] ::1 /wxeditorNew/index.php/Admin/js/ueditor/ueditor.all.min.js
ERR: 无法加载控制器:Js

[ 2016-08-09T16:34:27+08:00 ] ::1 /wxeditorNew/index.php/Admin/css/default.css
ERR: 无法加载控制器:Css

[ 2016-08-09T16:34:27+08:00 ] ::1 /wxeditorNew/index.php/Admin/Focus/js/themes/default/easyui.css
ERR: 非法操作:js

[ 2016-08-09T16:34:27+08:00 ] ::1 /wxeditorNew/index.php/Admin/js/ueditor/ueditor.config.js?v=1.1.10
ERR: 无法加载控制器:Js

[ 2016-08-09T16:34:27+08:00 ] ::1 /wxeditorNew/index.php/Admin/js/ueditor/ueditor.all.min.js?v=1.1.10
ERR: 无法加载控制器:Js

[ 2016-08-09T16:35:15+08:00 ] ::1 /wxeditorNew/index.php/Admin/Focus/show/type/addstyle.php?do=add&type=
ERR: 1064:You have an error in your SQL syntax; check the manual that corresponds to your MySQL server version for the right syntax to use near ') LIMIT 1' at line 1
 [ SQL语句 ] : SELECT COUNT(*) AS tp_count FROM `zk_style` WHERE ( stype= ) LIMIT 1  

[ 2016-08-09T16:35:17+08:00 ] ::1 /wxeditorNew/index.php/Admin/js/ueditor/ueditor.config.js?v=1.1.10
ERR: 无法加载控制器:Js

[ 2016-08-09T16:35:17+08:00 ] ::1 /wxeditorNew/index.php/Admin/css/default.css
ERR: 无法加载控制器:Css

[ 2016-08-09T16:35:17+08:00 ] ::1 /wxeditorNew/index.php/Admin/Focus/js/themes/default/easyui.css
ERR: 非法操作:js

[ 2016-08-09T16:35:17+08:00 ] ::1 /wxeditorNew/index.php/Admin/js/ueditor/ueditor.all.min.js?v=1.1.10
ERR: 无法加载控制器:Js

[ 2016-08-09T16:35:24+08:00 ] ::1 /wxeditorNew/index.php/Admin/css/default.css
ERR: 无法加载控制器:Css

[ 2016-08-09T16:35:24+08:00 ] ::1 /wxeditorNew/index.php/Admin/Focus/js/themes/default/easyui.css
ERR: 非法操作:js

[ 2016-08-09T16:35:24+08:00 ] ::1 /wxeditorNew/index.php/Admin/js/ueditor/ueditor.all.min.js?v=1.1.10
ERR: 无法加载控制器:Js

[ 2016-08-09T16:35:24+08:00 ] ::1 /wxeditorNew/index.php/Admin/js/ueditor/ueditor.config.js?v=1.1.10
ERR: 无法加载控制器:Js

[ 2016-08-09T16:35:24+08:00 ] ::1 /wxeditorNew/index.php/Admin/js/ueditor/ueditor.all.min.js?v=1.1.10
ERR: 无法加载控制器:Js

[ 2016-08-09T16:35:27+08:00 ] ::1 /wxeditorNew/index.php/Admin/Focus/show/type/addstyle.php?do=add&type=
ERR: 1064:You have an error in your SQL syntax; check the manual that corresponds to your MySQL server version for the right syntax to use near ') LIMIT 1' at line 1
 [ SQL语句 ] : SELECT COUNT(*) AS tp_count FROM `zk_style` WHERE ( stype= ) LIMIT 1  

[ 2016-08-09T16:37:48+08:00 ] ::1 /wxeditorNew/index.php/Admin/Focus/show/type/addstyle.php?do=add&type=
ERR: 1064:You have an error in your SQL syntax; check the manual that corresponds to your MySQL server version for the right syntax to use near ') LIMIT 1' at line 1
 [ SQL语句 ] : SELECT COUNT(*) AS tp_count FROM `zk_style` WHERE ( stype= ) LIMIT 1  

[ 2016-08-09T16:38:32+08:00 ] ::1 /wxeditorNew/index.php/Admin/css/default.css
ERR: 无法加载控制器:Css

[ 2016-08-09T16:38:32+08:00 ] ::1 /wxeditorNew/index.php/Admin/Focus/js/themes/default/easyui.css
ERR: 非法操作:js

[ 2016-08-09T16:38:32+08:00 ] ::1 /wxeditorNew/index.php/Admin/js/ueditor/ueditor.config.js?v=1.1.10
ERR: 无法加载控制器:Js

[ 2016-08-09T16:38:32+08:00 ] ::1 /wxeditorNew/index.php/Admin/js/ueditor/ueditor.all.min.js?v=1.1.10
ERR: 无法加载控制器:Js

[ 2016-08-09T17:00:13+08:00 ] ::1 /wxeditorNew/index.php/Admin/Focus/addstyle/type/
ERR: 参数错误或者未定义:type

[ 2016-08-09T17:05:12+08:00 ] ::1 /wxeditorNew/index.php/Admin/Focus/addstyle
ERR: 参数错误或者未定义:type

[ 2016-08-09T17:05:21+08:00 ] ::1 /wxeditorNew/index.php/Admin/Focus/addstyle
ERR: 参数错误或者未定义:type

[ 2016-08-09T17:05:23+08:00 ] ::1 /wxeditorNew/index.php/Admin/Focus/addstyle
ERR: 参数错误或者未定义:type

[ 2016-08-09T17:05:32+08:00 ] ::1 /wxeditorNew/index.php/Admin/Focus/addstyle
ERR: 参数错误或者未定义:type

[ 2016-08-09T17:32:17+08:00 ] ::1 /wxeditorNew/index.php/Admin/Index/modipassword.php
ERR: 非法操作:modipassword

[ 2016-08-09T17:32:19+08:00 ] ::1 /wxeditorNew/index.php/Admin/Index/makeindex.php
ERR: 非法操作:makeindex

[ 2016-08-09T17:32:20+08:00 ] ::1 /wxeditorNew/index.php/Admin/Index/modipassword.php
ERR: 非法操作:modipassword

[ 2016-08-09T17:34:27+08:00 ] ::1 /wxeditorNew/index.php/Admin/Index/modipassword.php
ERR: 非法操作:modipassword

[ 2016-08-09T17:38:27+08:00 ] ::1 /wxeditorNew/index.php/admin/css/login.css
ERR: 无法加载控制器:Css

[ 2016-08-09T18:07:18+08:00 ] ::1 /wxeditorNew/index.php/Admin/Login/check%7D
ERR: 非法操作:check}

[ 2016-08-09T18:08:26+08:00 ] ::1 /wxeditorNew/index.php/Admin/Login/check%7D
ERR: 非法操作:check}

[ 2016-08-09T18:09:04+08:00 ] ::1 /wxeditorNew/index.php/Admin/Login/check%7D
ERR: 非法操作:check}

[ 2016-08-09T18:09:17+08:00 ] ::1 /wxeditorNew/index.php/Admin/Login/check%7D
ERR: 非法操作:check}

[ 2016-08-09T18:10:43+08:00 ] ::1 /wxeditorNew/index.php/Admin/Index/modipassword.php
ERR: 非法操作:modipassword

[ 2016-08-09T18:15:22+08:00 ] ::1 /wxeditorNew/index.php/Admin/Login/U('Login/show')
ERR: 非法操作:U('Login

