[ 2016-08-09T09:25:26+08:00 ] ::1 /wxeditorNew/index.php/left.html
INFO: [ app_init ] --START--
INFO: Run Behavior\BuildLiteBehavior [ RunTime:0.000012s ]
INFO: [ app_init ] --END-- [ RunTime:0.000379s ]
ERR: 无法加载模块:Left

[ 2016-08-09T09:25:26+08:00 ] ::1 /wxeditorNew/index.php/main.html
INFO: [ app_init ] --START--
INFO: Run Behavior\BuildLiteBehavior [ RunTime:0.000011s ]
INFO: [ app_init ] --END-- [ RunTime:0.000353s ]
ERR: 无法加载模块:Main

[ 2016-08-09T09:37:04+08:00 ] ::1 /wxeditorNew/index.php/ADMIN_PUBLICcss/css.css
INFO: [ app_init ] --START--
INFO: Run Behavior\BuildLiteBehavior [ RunTime:0.000011s ]
INFO: [ app_init ] --END-- [ RunTime:0.000315s ]
ERR: 无法加载模块:ADMIN_PUBLICcss

[ 2016-08-09T09:40:21+08:00 ] ::1 /wxeditorNew/index.php/HOME_PUBLICimages/arrow_off.gif
INFO: [ app_init ] --START--
INFO: Run Behavior\BuildLiteBehavior [ RunTime:0.000012s ]
INFO: [ app_init ] --END-- [ RunTime:0.000386s ]
ERR: 无法加载模块:HOME_PUBLICimages

[ 2016-08-09T09:41:50+08:00 ] ::1 /wxeditorNew/index.php/HOME_PUBLICimages/arrow_off.gif
INFO: [ app_init ] --START--
INFO: Run Behavior\BuildLiteBehavior [ RunTime:0.000013s ]
INFO: [ app_init ] --END-- [ RunTime:0.000443s ]
ERR: 无法加载模块:HOME_PUBLICimages

[ 2016-08-09T09:46:50+08:00 ] ::1 /wxeditorNew/index.php/HOME_PUBLICimages/arrow_off.gif
INFO: [ app_init ] --START--
INFO: Run Behavior\BuildLiteBehavior [ RunTime:0.000014s ]
INFO: [ app_init ] --END-- [ RunTime:0.000384s ]
ERR: 无法加载模块:HOME_PUBLICimages

[ 2016-08-09T09:50:39+08:00 ] ::1 /wxeditorNew/index.php/HOME_PUBLICimages/arrow_off.gif
INFO: [ app_init ] --START--
INFO: Run Behavior\BuildLiteBehavior [ RunTime:0.000012s ]
INFO: [ app_init ] --END-- [ RunTime:0.000380s ]
ERR: 无法加载模块:HOME_PUBLICimages

[ 2016-08-09T09:52:49+08:00 ] ::1 /wxeditorNew/index.php/HOME_PUBLICimages/arrow_off.gif
INFO: [ app_init ] --START--
INFO: Run Behavior\BuildLiteBehavior [ RunTime:0.000012s ]
INFO: [ app_init ] --END-- [ RunTime:0.000387s ]
ERR: 无法加载模块:HOME_PUBLICimages

[ 2016-08-09T10:00:54+08:00 ] ::1 /wxeditorNew/index.php/HOME_PUBLICimages/arrow_off.gif
ERR: 无法加载模块:HOME_PUBLICimages

